'/=====================================================================================2016-11-25 11:43:17/'
array (
  'appid' => 'wx58ed2758eab878fb',
  'attach' => '26',
  'bank_type' => 'CFT',
  'cash_fee' => '3',
  'fee_type' => 'CNY',
  'is_subscribe' => 'Y',
  'mch_id' => '1392098502',
  'nonce_str' => 'uMg08q3Q',
  'openid' => 'oFan6wZrsom0HDNO_eRGwI9XNOjk',
  'out_trade_no' => '2016112511430900001348240441',
  'result_code' => 'SUCCESS',
  'return_code' => 'SUCCESS',
  'sign' => 'CBBE5E5F8F2F723C70CEEEA8966213BE',
  'time_end' => '20161125114316',
  'total_fee' => '3',
  'trade_type' => 'JSAPI',
  'transaction_id' => '4000012001201611250759546796',
)
'/=====================================================================================2016-11-25 11:52:48/'
array (
  'appid' => 'wx58ed2758eab878fb',
  'attach' => '26',
  'bank_type' => 'CFT',
  'cash_fee' => '2',
  'fee_type' => 'CNY',
  'is_subscribe' => 'Y',
  'mch_id' => '1392098502',
  'nonce_str' => 'Ed881QLz',
  'openid' => 'oFan6wZrsom0HDNO_eRGwI9XNOjk',
  'out_trade_no' => '2016112511523500001366568866',
  'result_code' => 'SUCCESS',
  'return_code' => 'SUCCESS',
  'sign' => '74C5002EA295D0EB78798FE60CA7E461',
  'time_end' => '20161125115248',
  'total_fee' => '2',
  'trade_type' => 'JSAPI',
  'transaction_id' => '4000012001201611250762081040',
)
