'/=====================================================================================2016-11-18 13:45:48/'
array (
  'appid' => 'wx58ed2758eab878fb',
  'attach' => '26',
  'bank_type' => 'CFT',
  'cash_fee' => '1',
  'fee_type' => 'CNY',
  'is_subscribe' => 'Y',
  'mch_id' => '1392098502',
  'nonce_str' => 'tqkYD2uQ',
  'openid' => 'oFan6wdMG4muxw4hJsAs6gw2P5rQ',
  'out_trade_no' => '2016111813453900001312221334',
  'result_code' => 'SUCCESS',
  'return_code' => 'SUCCESS',
  'sign' => 'B0AD4887BA83F1925F158D352376E764',
  'time_end' => '20161118134547',
  'total_fee' => '1',
  'trade_type' => 'JSAPI',
  'transaction_id' => '4001642001201611180089570800',
)
'/=====================================================================================2016-11-18 14:15:39/'
array (
  'appid' => 'wx58ed2758eab878fb',
  'attach' => '26',
  'bank_type' => 'CFT',
  'cash_fee' => '1',
  'fee_type' => 'CNY',
  'is_subscribe' => 'Y',
  'mch_id' => '1392098502',
  'nonce_str' => 'z8p80HHA',
  'openid' => 'oFan6wdMG4muxw4hJsAs6gw2P5rQ',
  'out_trade_no' => '2016111814153300001380845124',
  'result_code' => 'SUCCESS',
  'return_code' => 'SUCCESS',
  'sign' => '44CF7808DB5363E1431ACDE0B9DA9FD4',
  'time_end' => '20161118141538',
  'total_fee' => '1',
  'trade_type' => 'JSAPI',
  'transaction_id' => '4001642001201611180091562447',
)
'/=====================================================================================2016-11-18 14:18:58/'
array (
  'appid' => 'wx58ed2758eab878fb',
  'attach' => '26',
  'bank_type' => 'CFT',
  'cash_fee' => '1',
  'fee_type' => 'CNY',
  'is_subscribe' => 'Y',
  'mch_id' => '1392098502',
  'nonce_str' => 'jz2Mb734',
  'openid' => 'oFan6wZrsom0HDNO_eRGwI9XNOjk',
  'out_trade_no' => '2016111814185100001328884130',
  'result_code' => 'SUCCESS',
  'return_code' => 'SUCCESS',
  'sign' => '8AA11B6C4CED6D2B4F7A29E7F30381F1',
  'time_end' => '20161118141857',
  'total_fee' => '1',
  'trade_type' => 'JSAPI',
  'transaction_id' => '4000012001201611180092935883',
)
'/=====================================================================================2016-11-18 15:42:23/'
array (
  'appid' => 'wx58ed2758eab878fb',
  'attach' => '26',
  'bank_type' => 'CFT',
  'cash_fee' => '1',
  'fee_type' => 'CNY',
  'is_subscribe' => 'Y',
  'mch_id' => '1392098502',
  'nonce_str' => 'gzW81186',
  'openid' => 'oFan6wZrsom0HDNO_eRGwI9XNOjk',
  'out_trade_no' => '2016111815421500001368584533',
  'result_code' => 'SUCCESS',
  'return_code' => 'SUCCESS',
  'sign' => 'D3857D3CB022B34F38442502407313DC',
  'time_end' => '20161118154222',
  'total_fee' => '1',
  'trade_type' => 'JSAPI',
  'transaction_id' => '4000012001201611180098977326',
)
'/=====================================================================================2016-11-18 17:32:13/'
array (
  'appid' => 'wx58ed2758eab878fb',
  'attach' => '26',
  'bank_type' => 'CFT',
  'cash_fee' => '1',
  'fee_type' => 'CNY',
  'is_subscribe' => 'Y',
  'mch_id' => '1392098502',
  'nonce_str' => 'DHggH8gG',
  'openid' => 'oFan6wZrsom0HDNO_eRGwI9XNOjk',
  'out_trade_no' => '2016111817320300001328322246',
  'result_code' => 'SUCCESS',
  'return_code' => 'SUCCESS',
  'sign' => 'FDF9C732AD4637D901CFE4C096C6BE4A',
  'time_end' => '20161118173210',
  'total_fee' => '1',
  'trade_type' => 'JSAPI',
  'transaction_id' => '4000012001201611180108161399',
)
