'/=====================================================================================2016-11-18 13:45:48/'
'<xml><appid><![CDATA[wx58ed2758eab878fb]]></appid>
<attach><![CDATA[26]]></attach>
<bank_type><![CDATA[CFT]]></bank_type>
<cash_fee><![CDATA[1]]></cash_fee>
<fee_type><![CDATA[CNY]]></fee_type>
<is_subscribe><![CDATA[Y]]></is_subscribe>
<mch_id><![CDATA[1392098502]]></mch_id>
<nonce_str><![CDATA[tqkYD2uQ]]></nonce_str>
<openid><![CDATA[oFan6wdMG4muxw4hJsAs6gw2P5rQ]]></openid>
<out_trade_no><![CDATA[2016111813453900001312221334]]></out_trade_no>
<result_code><![CDATA[SUCCESS]]></result_code>
<return_code><![CDATA[SUCCESS]]></return_code>
<sign><![CDATA[B0AD4887BA83F1925F158D352376E764]]></sign>
<time_end><![CDATA[20161118134547]]></time_end>
<total_fee>1</total_fee>
<trade_type><![CDATA[JSAPI]]></trade_type>
<transaction_id><![CDATA[4001642001201611180089570800]]></transaction_id>
</xml>'
'/=====================================================================================2016-11-18 14:15:39/'
'<xml><appid><![CDATA[wx58ed2758eab878fb]]></appid>
<attach><![CDATA[26]]></attach>
<bank_type><![CDATA[CFT]]></bank_type>
<cash_fee><![CDATA[1]]></cash_fee>
<fee_type><![CDATA[CNY]]></fee_type>
<is_subscribe><![CDATA[Y]]></is_subscribe>
<mch_id><![CDATA[1392098502]]></mch_id>
<nonce_str><![CDATA[z8p80HHA]]></nonce_str>
<openid><![CDATA[oFan6wdMG4muxw4hJsAs6gw2P5rQ]]></openid>
<out_trade_no><![CDATA[2016111814153300001380845124]]></out_trade_no>
<result_code><![CDATA[SUCCESS]]></result_code>
<return_code><![CDATA[SUCCESS]]></return_code>
<sign><![CDATA[44CF7808DB5363E1431ACDE0B9DA9FD4]]></sign>
<time_end><![CDATA[20161118141538]]></time_end>
<total_fee>1</total_fee>
<trade_type><![CDATA[JSAPI]]></trade_type>
<transaction_id><![CDATA[4001642001201611180091562447]]></transaction_id>
</xml>'
'/=====================================================================================2016-11-18 14:18:58/'
'<xml><appid><![CDATA[wx58ed2758eab878fb]]></appid>
<attach><![CDATA[26]]></attach>
<bank_type><![CDATA[CFT]]></bank_type>
<cash_fee><![CDATA[1]]></cash_fee>
<fee_type><![CDATA[CNY]]></fee_type>
<is_subscribe><![CDATA[Y]]></is_subscribe>
<mch_id><![CDATA[1392098502]]></mch_id>
<nonce_str><![CDATA[jz2Mb734]]></nonce_str>
<openid><![CDATA[oFan6wZrsom0HDNO_eRGwI9XNOjk]]></openid>
<out_trade_no><![CDATA[2016111814185100001328884130]]></out_trade_no>
<result_code><![CDATA[SUCCESS]]></result_code>
<return_code><![CDATA[SUCCESS]]></return_code>
<sign><![CDATA[8AA11B6C4CED6D2B4F7A29E7F30381F1]]></sign>
<time_end><![CDATA[20161118141857]]></time_end>
<total_fee>1</total_fee>
<trade_type><![CDATA[JSAPI]]></trade_type>
<transaction_id><![CDATA[4000012001201611180092935883]]></transaction_id>
</xml>'
'/=====================================================================================2016-11-18 15:42:23/'
'<xml><appid><![CDATA[wx58ed2758eab878fb]]></appid>
<attach><![CDATA[26]]></attach>
<bank_type><![CDATA[CFT]]></bank_type>
<cash_fee><![CDATA[1]]></cash_fee>
<fee_type><![CDATA[CNY]]></fee_type>
<is_subscribe><![CDATA[Y]]></is_subscribe>
<mch_id><![CDATA[1392098502]]></mch_id>
<nonce_str><![CDATA[gzW81186]]></nonce_str>
<openid><![CDATA[oFan6wZrsom0HDNO_eRGwI9XNOjk]]></openid>
<out_trade_no><![CDATA[2016111815421500001368584533]]></out_trade_no>
<result_code><![CDATA[SUCCESS]]></result_code>
<return_code><![CDATA[SUCCESS]]></return_code>
<sign><![CDATA[D3857D3CB022B34F38442502407313DC]]></sign>
<time_end><![CDATA[20161118154222]]></time_end>
<total_fee>1</total_fee>
<trade_type><![CDATA[JSAPI]]></trade_type>
<transaction_id><![CDATA[4000012001201611180098977326]]></transaction_id>
</xml>'
'/=====================================================================================2016-11-18 17:32:13/'
'<xml><appid><![CDATA[wx58ed2758eab878fb]]></appid>
<attach><![CDATA[26]]></attach>
<bank_type><![CDATA[CFT]]></bank_type>
<cash_fee><![CDATA[1]]></cash_fee>
<fee_type><![CDATA[CNY]]></fee_type>
<is_subscribe><![CDATA[Y]]></is_subscribe>
<mch_id><![CDATA[1392098502]]></mch_id>
<nonce_str><![CDATA[DHggH8gG]]></nonce_str>
<openid><![CDATA[oFan6wZrsom0HDNO_eRGwI9XNOjk]]></openid>
<out_trade_no><![CDATA[2016111817320300001328322246]]></out_trade_no>
<result_code><![CDATA[SUCCESS]]></result_code>
<return_code><![CDATA[SUCCESS]]></return_code>
<sign><![CDATA[FDF9C732AD4637D901CFE4C096C6BE4A]]></sign>
<time_end><![CDATA[20161118173210]]></time_end>
<total_fee>1</total_fee>
<trade_type><![CDATA[JSAPI]]></trade_type>
<transaction_id><![CDATA[4000012001201611180108161399]]></transaction_id>
</xml>'
