'/=====================================================================================2016-11-18 13:45:48/'
array (
  'plid' => '7840',
  'type' => 'wechat',
  'uniacid' => '26',
  'acid' => '26',
  'openid' => 'oFan6wdMG4muxw4hJsAs6gw2P5rQ',
  'uniontid' => '2016111813453900001312221334',
  'tid' => '20161118479038091352',
  'fee' => '0.01',
  'status' => 1,
  'module' => 'feng_fightgroups',
  'tag' => 
  array (
    'transaction_id' => '4001642001201611180089570800',
  ),
  'is_usecard' => '0',
  'card_type' => '0',
  'card_id' => '',
  'card_fee' => '0.01',
  'encrypt_code' => '',
  'uid' => NULL,
)
'/=====================================================================================2016-11-18 14:15:39/'
array (
  'plid' => '7841',
  'type' => 'wechat',
  'uniacid' => '26',
  'acid' => '26',
  'openid' => 'oFan6wdMG4muxw4hJsAs6gw2P5rQ',
  'uniontid' => '2016111814153300001380845124',
  'tid' => '20161118497309232867',
  'fee' => '0.01',
  'status' => 1,
  'module' => 'feng_fightgroups',
  'tag' => 
  array (
    'transaction_id' => '4001642001201611180091562447',
  ),
  'is_usecard' => '0',
  'card_type' => '0',
  'card_id' => '',
  'card_fee' => '0.01',
  'encrypt_code' => '',
  'uid' => NULL,
)
'/=====================================================================================2016-11-18 14:18:58/'
array (
  'plid' => '7842',
  'type' => 'wechat',
  'uniacid' => '26',
  'acid' => '26',
  'openid' => 'oFan6wZrsom0HDNO_eRGwI9XNOjk',
  'uniontid' => '2016111814185100001328884130',
  'tid' => '20161118499282328154',
  'fee' => '0.01',
  'status' => 1,
  'module' => 'feng_fightgroups',
  'tag' => 
  array (
    'transaction_id' => '4000012001201611180092935883',
  ),
  'is_usecard' => '0',
  'card_type' => '0',
  'card_id' => '',
  'card_fee' => '0.01',
  'encrypt_code' => '',
  'uid' => NULL,
)
'/=====================================================================================2016-11-18 15:42:23/'
array (
  'plid' => '7843',
  'type' => 'wechat',
  'uniacid' => '26',
  'acid' => '26',
  'openid' => 'oFan6wZrsom0HDNO_eRGwI9XNOjk',
  'uniontid' => '2016111815421500001368584533',
  'tid' => '20161118549232397060',
  'fee' => '0.01',
  'status' => 1,
  'module' => 'feng_fightgroups',
  'tag' => 
  array (
    'transaction_id' => '4000012001201611180098977326',
  ),
  'is_usecard' => '0',
  'card_type' => '0',
  'card_id' => '',
  'card_fee' => '0.01',
  'encrypt_code' => '',
  'uid' => NULL,
)
'/=====================================================================================2016-11-18 17:32:13/'
array (
  'plid' => '7844',
  'type' => 'wechat',
  'uniacid' => '26',
  'acid' => '26',
  'openid' => 'oFan6wZrsom0HDNO_eRGwI9XNOjk',
  'uniontid' => '2016111817320300001328322246',
  'tid' => '20161118615207509043',
  'fee' => '0.01',
  'status' => 1,
  'module' => 'feng_fightgroups',
  'tag' => 
  array (
    'transaction_id' => '4000012001201611180108161399',
  ),
  'is_usecard' => '0',
  'card_type' => '0',
  'card_id' => '',
  'card_fee' => '0.01',
  'encrypt_code' => '',
  'uid' => NULL,
)
