'/=====================================================================================2016-11-05 17:32:11/'
array (
  'weid' => '26',
  'uniacid' => '26',
  'result' => 'success',
  'type' => 'wechat',
  'from' => 'return',
  'tid' => '20161105383176154326',
  'uniontid' => '2016110517315900001364772614',
  'user' => 'oFan6wZrsom0HDNO_eRGwI9XNOjk',
  'fee' => '0.01',
  'tag' => 
  array (
    'transaction_id' => '4000012001201611058837841701',
  ),
  'is_usecard' => '0',
  'card_type' => '0',
  'card_fee' => '0.01',
  'card_id' => '',
)
'/=====================================================================================2016-11-05 17:35:56/'
array (
  'weid' => '26',
  'uniacid' => '26',
  'result' => 'success',
  'type' => 'wechat',
  'from' => 'return',
  'tid' => '20161105385321284547',
  'uniontid' => '2016110517353400001320226586',
  'user' => 'oFan6wZrsom0HDNO_eRGwI9XNOjk',
  'fee' => '0.01',
  'tag' => 
  array (
    'transaction_id' => '4000012001201611058838360134',
  ),
  'is_usecard' => '0',
  'card_type' => '0',
  'card_fee' => '0.01',
  'card_id' => '',
)
