'/=====================================================================================2016-11-05 17:32:10/'
array (
  'appid' => 'wx58ed2758eab878fb',
  'attach' => '26',
  'bank_type' => 'CFT',
  'cash_fee' => '1',
  'fee_type' => 'CNY',
  'is_subscribe' => 'Y',
  'mch_id' => '1392098502',
  'nonce_str' => 'xaUKK7Ki',
  'openid' => 'oFan6wZrsom0HDNO_eRGwI9XNOjk',
  'out_trade_no' => '2016110517315900001364772614',
  'result_code' => 'SUCCESS',
  'return_code' => 'SUCCESS',
  'sign' => '3441960774D4CA916FF72061FA0874AF',
  'time_end' => '20161105173209',
  'total_fee' => '1',
  'trade_type' => 'JSAPI',
  'transaction_id' => '4000012001201611058837841701',
)
'/=====================================================================================2016-11-05 17:35:47/'
array (
  'appid' => 'wx58ed2758eab878fb',
  'attach' => '26',
  'bank_type' => 'CFT',
  'cash_fee' => '1',
  'fee_type' => 'CNY',
  'is_subscribe' => 'Y',
  'mch_id' => '1392098502',
  'nonce_str' => 'GFYfFbP3',
  'openid' => 'oFan6wZrsom0HDNO_eRGwI9XNOjk',
  'out_trade_no' => '2016110517353400001320226586',
  'result_code' => 'SUCCESS',
  'return_code' => 'SUCCESS',
  'sign' => '501064F30711ACF2D640ACF44B6F3C73',
  'time_end' => '20161105173547',
  'total_fee' => '1',
  'trade_type' => 'JSAPI',
  'transaction_id' => '4000012001201611058838360134',
)
