'/=====================================================================================2016-11-21 19:30:47/'
array (
  'weid' => '26',
  'uniacid' => '26',
  'result' => 'success',
  'type' => 'wechat',
  'from' => 'return',
  'tid' => '20161121278361251882',
  'uniontid' => '2016112119303800001398843804',
  'user' => 'oFan6wZrsom0HDNO_eRGwI9XNOjk',
  'fee' => '0.03',
  'tag' => 
  array (
    'transaction_id' => '4000012001201611210418918230',
  ),
  'is_usecard' => '0',
  'card_type' => '0',
  'card_fee' => '0.03',
  'card_id' => '',
)
'/=====================================================================================2016-11-21 19:31:02/'
array (
  'weid' => '26',
  'uniacid' => '26',
  'result' => 'success',
  'type' => 'wechat',
  'from' => 'return',
  'tid' => '20161121278361251882',
  'uniontid' => '2016112119303800001398843804',
  'user' => 'oFan6wZrsom0HDNO_eRGwI9XNOjk',
  'fee' => '0.03',
  'tag' => 
  array (
    'transaction_id' => '4000012001201611210418918230',
  ),
  'is_usecard' => '0',
  'card_type' => '0',
  'card_fee' => '0.03',
  'card_id' => '',
)
'/=====================================================================================2016-11-21 19:34:17/'
array (
  'weid' => '26',
  'uniacid' => '26',
  'result' => 'success',
  'type' => 'wechat',
  'from' => 'return',
  'tid' => '20161121280445972602',
  'uniontid' => '2016112119340900001360428028',
  'user' => 'oFan6wZrsom0HDNO_eRGwI9XNOjk',
  'fee' => '0.03',
  'tag' => 
  array (
    'transaction_id' => '4000012001201611210419020570',
  ),
  'is_usecard' => '0',
  'card_type' => '0',
  'card_fee' => '0.03',
  'card_id' => '',
)
'/=====================================================================================2016-11-21 19:34:27/'
array (
  'weid' => '26',
  'uniacid' => '26',
  'result' => 'success',
  'type' => 'wechat',
  'from' => 'return',
  'tid' => '20161121280445972602',
  'uniontid' => '2016112119340900001360428028',
  'user' => 'oFan6wZrsom0HDNO_eRGwI9XNOjk',
  'fee' => '0.03',
  'tag' => 
  array (
    'transaction_id' => '4000012001201611210419020570',
  ),
  'is_usecard' => '0',
  'card_type' => '0',
  'card_fee' => '0.03',
  'card_id' => '',
)
