'/=====================================================================================2016-11-21 19:30:45/'
'<xml><appid><![CDATA[wx58ed2758eab878fb]]></appid>
<attach><![CDATA[26]]></attach>
<bank_type><![CDATA[CFT]]></bank_type>
<cash_fee><![CDATA[3]]></cash_fee>
<fee_type><![CDATA[CNY]]></fee_type>
<is_subscribe><![CDATA[Y]]></is_subscribe>
<mch_id><![CDATA[1392098502]]></mch_id>
<nonce_str><![CDATA[BjohRbLS]]></nonce_str>
<openid><![CDATA[oFan6wZrsom0HDNO_eRGwI9XNOjk]]></openid>
<out_trade_no><![CDATA[2016112119303800001398843804]]></out_trade_no>
<result_code><![CDATA[SUCCESS]]></result_code>
<return_code><![CDATA[SUCCESS]]></return_code>
<sign><![CDATA[A74C1FA97C4E9434D7E8A084AFFEBCDA]]></sign>
<time_end><![CDATA[20161121193045]]></time_end>
<total_fee>3</total_fee>
<trade_type><![CDATA[JSAPI]]></trade_type>
<transaction_id><![CDATA[4000012001201611210418918230]]></transaction_id>
</xml>'
'/=====================================================================================2016-11-21 19:34:16/'
'<xml><appid><![CDATA[wx58ed2758eab878fb]]></appid>
<attach><![CDATA[26]]></attach>
<bank_type><![CDATA[CFT]]></bank_type>
<cash_fee><![CDATA[3]]></cash_fee>
<fee_type><![CDATA[CNY]]></fee_type>
<is_subscribe><![CDATA[Y]]></is_subscribe>
<mch_id><![CDATA[1392098502]]></mch_id>
<nonce_str><![CDATA[gJea6JtO]]></nonce_str>
<openid><![CDATA[oFan6wZrsom0HDNO_eRGwI9XNOjk]]></openid>
<out_trade_no><![CDATA[2016112119340900001360428028]]></out_trade_no>
<result_code><![CDATA[SUCCESS]]></result_code>
<return_code><![CDATA[SUCCESS]]></return_code>
<sign><![CDATA[AE5E83ACA0846169DDF0C51A935F63A1]]></sign>
<time_end><![CDATA[20161121193415]]></time_end>
<total_fee>3</total_fee>
<trade_type><![CDATA[JSAPI]]></trade_type>
<transaction_id><![CDATA[4000012001201611210419020570]]></transaction_id>
</xml>'
