'/=====================================================================================2016-11-21 19:30:45/'
array (
  'appid' => 'wx58ed2758eab878fb',
  'attach' => '26',
  'bank_type' => 'CFT',
  'cash_fee' => '3',
  'fee_type' => 'CNY',
  'is_subscribe' => 'Y',
  'mch_id' => '1392098502',
  'nonce_str' => 'BjohRbLS',
  'openid' => 'oFan6wZrsom0HDNO_eRGwI9XNOjk',
  'out_trade_no' => '2016112119303800001398843804',
  'result_code' => 'SUCCESS',
  'return_code' => 'SUCCESS',
  'sign' => 'A74C1FA97C4E9434D7E8A084AFFEBCDA',
  'time_end' => '20161121193045',
  'total_fee' => '3',
  'trade_type' => 'JSAPI',
  'transaction_id' => '4000012001201611210418918230',
)
'/=====================================================================================2016-11-21 19:34:16/'
array (
  'appid' => 'wx58ed2758eab878fb',
  'attach' => '26',
  'bank_type' => 'CFT',
  'cash_fee' => '3',
  'fee_type' => 'CNY',
  'is_subscribe' => 'Y',
  'mch_id' => '1392098502',
  'nonce_str' => 'gJea6JtO',
  'openid' => 'oFan6wZrsom0HDNO_eRGwI9XNOjk',
  'out_trade_no' => '2016112119340900001360428028',
  'result_code' => 'SUCCESS',
  'return_code' => 'SUCCESS',
  'sign' => 'AE5E83ACA0846169DDF0C51A935F63A1',
  'time_end' => '20161121193415',
  'total_fee' => '3',
  'trade_type' => 'JSAPI',
  'transaction_id' => '4000012001201611210419020570',
)
