'/=====================================================================================2016-11-07 10:15:24/'
array (
  'appid' => 'wx58ed2758eab878fb',
  'attach' => '26',
  'bank_type' => 'CFT',
  'cash_fee' => '3',
  'fee_type' => 'CNY',
  'is_subscribe' => 'Y',
  'mch_id' => '1392098502',
  'nonce_str' => 'g6WmBiMO',
  'openid' => 'oFan6wZrsom0HDNO_eRGwI9XNOjk',
  'out_trade_no' => '2016110710151800001349222628',
  'result_code' => 'SUCCESS',
  'return_code' => 'SUCCESS',
  'sign' => '67F1121053A4EAEB5040CB6FDE8E2244',
  'time_end' => '20161107101524',
  'total_fee' => '3',
  'trade_type' => 'JSAPI',
  'transaction_id' => '4000012001201611078992046193',
)
