'/=====================================================================================2016-11-09 13:59:14/'
array (
  'result' => 'success',
  'type' => 'credit',
  'from' => 'notify',
  'tid' => '20161109711496338896',
  'user' => 'oFan6wZrsom0HDNO_eRGwI9XNOjk',
  'fee' => '0.03',
  'weid' => NULL,
  'uniacid' => '26',
  'acid' => '26',
  'is_usecard' => '0',
  'card_type' => '0',
  'card_fee' => '0.03',
  'card_id' => '',
)
'/=====================================================================================2016-11-09 14:00:59/'
array (
  'result' => 'success',
  'type' => 'credit',
  'from' => 'notify',
  'tid' => '20161109712565532298',
  'user' => 'oFan6wZrsom0HDNO_eRGwI9XNOjk',
  'fee' => '0.02',
  'weid' => NULL,
  'uniacid' => '26',
  'acid' => '26',
  'is_usecard' => '0',
  'card_type' => '0',
  'card_fee' => '0.02',
  'card_id' => '',
)
