'/=====================================================================================2016-11-28 10:56:48/'
array (
  'weid' => '26',
  'uniacid' => '26',
  'result' => 'success',
  'type' => 'wechat',
  'from' => 'return',
  'tid' => '20161128017988066433',
  'uniontid' => '2016112810564000001354551504',
  'user' => 'oFan6wZrsom0HDNO_eRGwI9XNOjk',
  'fee' => '0.01',
  'tag' => 
  array (
    'transaction_id' => '4000012001201611281057792543',
  ),
  'is_usecard' => '0',
  'card_type' => '0',
  'card_fee' => '0.01',
  'card_id' => '',
)
'/=====================================================================================2016-11-28 14:59:12/'
array (
  'weid' => '26',
  'uniacid' => '26',
  'result' => 'success',
  'type' => 'wechat',
  'from' => 'return',
  'tid' => '2016112814584900001367868984',
  'uniontid' => '2016112814585100001321464826',
  'user' => 'oFan6wZrsom0HDNO_eRGwI9XNOjk',
  'fee' => '0.03',
  'tag' => 
  array (
    'transaction_id' => '4000012001201611281083507451',
  ),
  'is_usecard' => '0',
  'card_type' => '0',
  'card_fee' => '0.03',
  'card_id' => '',
)
'/=====================================================================================2016-11-28 15:01:27/'
array (
  'weid' => '26',
  'uniacid' => '26',
  'result' => 'success',
  'type' => 'wechat',
  'from' => 'return',
  'tid' => '2016112814593300001302524435',
  'uniontid' => '2016112814593500001365698726',
  'user' => 'oFan6wZrsom0HDNO_eRGwI9XNOjk',
  'fee' => '0.03',
  'tag' => 
  array (
    'transaction_id' => '4000012001201611281081722827',
  ),
  'is_usecard' => '0',
  'card_type' => '0',
  'card_fee' => '0.03',
  'card_id' => '',
)
'/=====================================================================================2016-11-28 15:03:07/'
array (
  'weid' => '26',
  'uniacid' => '26',
  'result' => 'success',
  'type' => 'wechat',
  'from' => 'return',
  'tid' => '2016112815025800001364622832',
  'uniontid' => '2016112815025800001364622832',
  'user' => 'oFan6wZrsom0HDNO_eRGwI9XNOjk',
  'fee' => '0.03',
  'tag' => 
  array (
    'transaction_id' => '4000012001201611281081894006',
  ),
  'is_usecard' => '0',
  'card_type' => '0',
  'card_fee' => '0.03',
  'card_id' => '',
)
'/=====================================================================================2016-11-28 16:29:22/'
array (
  'weid' => '26',
  'uniacid' => '26',
  'result' => 'success',
  'type' => 'wechat',
  'from' => 'return',
  'tid' => '2016112816291300001318517653',
  'uniontid' => '2016112816291300001318517653',
  'user' => 'oFan6wZrsom0HDNO_eRGwI9XNOjk',
  'fee' => '0.02',
  'tag' => 
  array (
    'transaction_id' => '4000012001201611281089544711',
  ),
  'is_usecard' => '0',
  'card_type' => '0',
  'card_fee' => '0.02',
  'card_id' => '',
)
'/=====================================================================================2016-11-28 16:43:47/'
array (
  'weid' => '26',
  'uniacid' => '26',
  'result' => 'success',
  'type' => 'wechat',
  'from' => 'return',
  'tid' => '2016112816433800001345385115',
  'uniontid' => '2016112816433800001345385115',
  'user' => 'oFan6wZrsom0HDNO_eRGwI9XNOjk',
  'fee' => '0.02',
  'tag' => 
  array (
    'transaction_id' => '4000012001201611281091962497',
  ),
  'is_usecard' => '0',
  'card_type' => '0',
  'card_fee' => '0.02',
  'card_id' => '',
)
