'/=====================================================================================2016-11-28 10:56:47/'
array (
  'appid' => 'wx58ed2758eab878fb',
  'attach' => '26',
  'bank_type' => 'CFT',
  'cash_fee' => '1',
  'fee_type' => 'CNY',
  'is_subscribe' => 'Y',
  'mch_id' => '1392098502',
  'nonce_str' => 'NrUMRoO3',
  'openid' => 'oFan6wZrsom0HDNO_eRGwI9XNOjk',
  'out_trade_no' => '2016112810564000001354551504',
  'result_code' => 'SUCCESS',
  'return_code' => 'SUCCESS',
  'sign' => 'D9291A49B04674D03DE2AEA106247B0C',
  'time_end' => '20161128105647',
  'total_fee' => '1',
  'trade_type' => 'JSAPI',
  'transaction_id' => '4000012001201611281057792543',
)
'/=====================================================================================2016-11-28 14:59:10/'
array (
  'appid' => 'wx58ed2758eab878fb',
  'attach' => '26',
  'bank_type' => 'CFT',
  'cash_fee' => '3',
  'fee_type' => 'CNY',
  'is_subscribe' => 'Y',
  'mch_id' => '1392098502',
  'nonce_str' => 'g8pAAtsb',
  'openid' => 'oFan6wZrsom0HDNO_eRGwI9XNOjk',
  'out_trade_no' => '2016112814585100001321464826',
  'result_code' => 'SUCCESS',
  'return_code' => 'SUCCESS',
  'sign' => '8A74A79E4F2F1E67034706A58F2E0B25',
  'time_end' => '20161128145910',
  'total_fee' => '3',
  'trade_type' => 'JSAPI',
  'transaction_id' => '4000012001201611281083507451',
)
'/=====================================================================================2016-11-28 14:59:41/'
array (
  'appid' => 'wx58ed2758eab878fb',
  'attach' => '26',
  'bank_type' => 'CFT',
  'cash_fee' => '3',
  'fee_type' => 'CNY',
  'is_subscribe' => 'Y',
  'mch_id' => '1392098502',
  'nonce_str' => 'TtkLGPmm',
  'openid' => 'oFan6wZrsom0HDNO_eRGwI9XNOjk',
  'out_trade_no' => '2016112814593500001365698726',
  'result_code' => 'SUCCESS',
  'return_code' => 'SUCCESS',
  'sign' => 'EF5417D3869907C49D1FBD7960AE15B1',
  'time_end' => '20161128145941',
  'total_fee' => '3',
  'trade_type' => 'JSAPI',
  'transaction_id' => '4000012001201611281081722827',
)
'/=====================================================================================2016-11-28 15:03:06/'
array (
  'appid' => 'wx58ed2758eab878fb',
  'attach' => '26',
  'bank_type' => 'CFT',
  'cash_fee' => '3',
  'fee_type' => 'CNY',
  'is_subscribe' => 'Y',
  'mch_id' => '1392098502',
  'nonce_str' => 'UiIRWiIT',
  'openid' => 'oFan6wZrsom0HDNO_eRGwI9XNOjk',
  'out_trade_no' => '2016112815025800001364622832',
  'result_code' => 'SUCCESS',
  'return_code' => 'SUCCESS',
  'sign' => 'D5127BA1E9BE61265E594363FC1EBEE0',
  'time_end' => '20161128150305',
  'total_fee' => '3',
  'trade_type' => 'JSAPI',
  'transaction_id' => '4000012001201611281081894006',
)
'/=====================================================================================2016-11-28 16:29:21/'
array (
  'appid' => 'wx58ed2758eab878fb',
  'attach' => '26',
  'bank_type' => 'CFT',
  'cash_fee' => '2',
  'fee_type' => 'CNY',
  'is_subscribe' => 'Y',
  'mch_id' => '1392098502',
  'nonce_str' => 'wQ0ySfQ3',
  'openid' => 'oFan6wZrsom0HDNO_eRGwI9XNOjk',
  'out_trade_no' => '2016112816291300001318517653',
  'result_code' => 'SUCCESS',
  'return_code' => 'SUCCESS',
  'sign' => '92EC4DC15AC5D91DD84B9162F2CA8073',
  'time_end' => '20161128162920',
  'total_fee' => '2',
  'trade_type' => 'JSAPI',
  'transaction_id' => '4000012001201611281089544711',
)
'/=====================================================================================2016-11-28 16:43:45/'
array (
  'appid' => 'wx58ed2758eab878fb',
  'attach' => '26',
  'bank_type' => 'CFT',
  'cash_fee' => '2',
  'fee_type' => 'CNY',
  'is_subscribe' => 'Y',
  'mch_id' => '1392098502',
  'nonce_str' => 'BoPBHFTO',
  'openid' => 'oFan6wZrsom0HDNO_eRGwI9XNOjk',
  'out_trade_no' => '2016112816433800001345385115',
  'result_code' => 'SUCCESS',
  'return_code' => 'SUCCESS',
  'sign' => '5014350504DC33F3FBCED1ADB8E65D43',
  'time_end' => '20161128164345',
  'total_fee' => '2',
  'trade_type' => 'JSAPI',
  'transaction_id' => '4000012001201611281091962497',
)
