'/=====================================================================================2016-11-28 10:56:47/'
array (
  'plid' => '7861',
  'type' => 'wechat',
  'uniacid' => '26',
  'acid' => '26',
  'openid' => 'oFan6wZrsom0HDNO_eRGwI9XNOjk',
  'uniontid' => '2016112810564000001354551504',
  'tid' => '20161128017988066433',
  'fee' => '0.01',
  'status' => 1,
  'module' => 'feng_fightgroups',
  'tag' => 
  array (
    'transaction_id' => '4000012001201611281057792543',
  ),
  'is_usecard' => '0',
  'card_type' => '0',
  'card_id' => '',
  'card_fee' => '0.01',
  'encrypt_code' => '',
  'uid' => NULL,
)
'/=====================================================================================2016-11-28 14:59:10/'
array (
  'plid' => '7862',
  'type' => 'wechat',
  'uniacid' => '26',
  'acid' => '26',
  'openid' => 'oFan6wZrsom0HDNO_eRGwI9XNOjk',
  'uniontid' => '2016112814585100001321464826',
  'tid' => '2016112814584900001367868984',
  'fee' => '0.03',
  'status' => 1,
  'module' => 'feng_fightgroups',
  'tag' => 
  array (
    'transaction_id' => '4000012001201611281083507451',
  ),
  'is_usecard' => '0',
  'card_type' => '0',
  'card_id' => '',
  'card_fee' => '0.03',
  'encrypt_code' => '',
  'uid' => NULL,
)
'/=====================================================================================2016-11-28 14:59:41/'
array (
  'plid' => '7863',
  'type' => 'wechat',
  'uniacid' => '26',
  'acid' => '26',
  'openid' => 'oFan6wZrsom0HDNO_eRGwI9XNOjk',
  'uniontid' => '2016112814593500001365698726',
  'tid' => '2016112814593300001302524435',
  'fee' => '0.03',
  'status' => 1,
  'module' => 'feng_fightgroups',
  'tag' => 
  array (
    'transaction_id' => '4000012001201611281081722827',
  ),
  'is_usecard' => '0',
  'card_type' => '0',
  'card_id' => '',
  'card_fee' => '0.03',
  'encrypt_code' => '',
  'uid' => NULL,
)
'/=====================================================================================2016-11-28 15:03:06/'
array (
  'plid' => '7864',
  'type' => 'wechat',
  'uniacid' => '26',
  'acid' => '26',
  'openid' => 'oFan6wZrsom0HDNO_eRGwI9XNOjk',
  'uniontid' => '2016112815025800001364622832',
  'tid' => '2016112815025800001364622832',
  'fee' => '0.03',
  'status' => 1,
  'module' => 'feng_fightgroups',
  'tag' => 
  array (
    'transaction_id' => '4000012001201611281081894006',
  ),
  'is_usecard' => '0',
  'card_type' => '0',
  'card_id' => '',
  'card_fee' => '0.03',
  'encrypt_code' => '',
  'uid' => NULL,
)
'/=====================================================================================2016-11-28 16:29:21/'
array (
  'plid' => '7865',
  'type' => 'wechat',
  'uniacid' => '26',
  'acid' => '26',
  'openid' => 'oFan6wZrsom0HDNO_eRGwI9XNOjk',
  'uniontid' => '2016112816291300001318517653',
  'tid' => '2016112816291300001318517653',
  'fee' => '0.02',
  'status' => 1,
  'module' => 'feng_fightgroups',
  'tag' => 
  array (
    'transaction_id' => '4000012001201611281089544711',
  ),
  'is_usecard' => '0',
  'card_type' => '0',
  'card_id' => '',
  'card_fee' => '0.02',
  'encrypt_code' => '',
  'uid' => NULL,
)
'/=====================================================================================2016-11-28 16:43:45/'
array (
  'plid' => '7866',
  'type' => 'wechat',
  'uniacid' => '26',
  'acid' => '26',
  'openid' => 'oFan6wZrsom0HDNO_eRGwI9XNOjk',
  'uniontid' => '2016112816433800001345385115',
  'tid' => '2016112816433800001345385115',
  'fee' => '0.02',
  'status' => 1,
  'module' => 'feng_fightgroups',
  'tag' => 
  array (
    'transaction_id' => '4000012001201611281091962497',
  ),
  'is_usecard' => '0',
  'card_type' => '0',
  'card_id' => '',
  'card_fee' => '0.02',
  'encrypt_code' => '',
  'uid' => NULL,
)
