'/=====================================================================================2016-11-28 10:56:47/'
'<xml><appid><![CDATA[wx58ed2758eab878fb]]></appid>
<attach><![CDATA[26]]></attach>
<bank_type><![CDATA[CFT]]></bank_type>
<cash_fee><![CDATA[1]]></cash_fee>
<fee_type><![CDATA[CNY]]></fee_type>
<is_subscribe><![CDATA[Y]]></is_subscribe>
<mch_id><![CDATA[1392098502]]></mch_id>
<nonce_str><![CDATA[NrUMRoO3]]></nonce_str>
<openid><![CDATA[oFan6wZrsom0HDNO_eRGwI9XNOjk]]></openid>
<out_trade_no><![CDATA[2016112810564000001354551504]]></out_trade_no>
<result_code><![CDATA[SUCCESS]]></result_code>
<return_code><![CDATA[SUCCESS]]></return_code>
<sign><![CDATA[D9291A49B04674D03DE2AEA106247B0C]]></sign>
<time_end><![CDATA[20161128105647]]></time_end>
<total_fee>1</total_fee>
<trade_type><![CDATA[JSAPI]]></trade_type>
<transaction_id><![CDATA[4000012001201611281057792543]]></transaction_id>
</xml>'
'/=====================================================================================2016-11-28 14:59:10/'
'<xml><appid><![CDATA[wx58ed2758eab878fb]]></appid>
<attach><![CDATA[26]]></attach>
<bank_type><![CDATA[CFT]]></bank_type>
<cash_fee><![CDATA[3]]></cash_fee>
<fee_type><![CDATA[CNY]]></fee_type>
<is_subscribe><![CDATA[Y]]></is_subscribe>
<mch_id><![CDATA[1392098502]]></mch_id>
<nonce_str><![CDATA[g8pAAtsb]]></nonce_str>
<openid><![CDATA[oFan6wZrsom0HDNO_eRGwI9XNOjk]]></openid>
<out_trade_no><![CDATA[2016112814585100001321464826]]></out_trade_no>
<result_code><![CDATA[SUCCESS]]></result_code>
<return_code><![CDATA[SUCCESS]]></return_code>
<sign><![CDATA[8A74A79E4F2F1E67034706A58F2E0B25]]></sign>
<time_end><![CDATA[20161128145910]]></time_end>
<total_fee>3</total_fee>
<trade_type><![CDATA[JSAPI]]></trade_type>
<transaction_id><![CDATA[4000012001201611281083507451]]></transaction_id>
</xml>'
'/=====================================================================================2016-11-28 14:59:41/'
'<xml><appid><![CDATA[wx58ed2758eab878fb]]></appid>
<attach><![CDATA[26]]></attach>
<bank_type><![CDATA[CFT]]></bank_type>
<cash_fee><![CDATA[3]]></cash_fee>
<fee_type><![CDATA[CNY]]></fee_type>
<is_subscribe><![CDATA[Y]]></is_subscribe>
<mch_id><![CDATA[1392098502]]></mch_id>
<nonce_str><![CDATA[TtkLGPmm]]></nonce_str>
<openid><![CDATA[oFan6wZrsom0HDNO_eRGwI9XNOjk]]></openid>
<out_trade_no><![CDATA[2016112814593500001365698726]]></out_trade_no>
<result_code><![CDATA[SUCCESS]]></result_code>
<return_code><![CDATA[SUCCESS]]></return_code>
<sign><![CDATA[EF5417D3869907C49D1FBD7960AE15B1]]></sign>
<time_end><![CDATA[20161128145941]]></time_end>
<total_fee>3</total_fee>
<trade_type><![CDATA[JSAPI]]></trade_type>
<transaction_id><![CDATA[4000012001201611281081722827]]></transaction_id>
</xml>'
'/=====================================================================================2016-11-28 15:03:06/'
'<xml><appid><![CDATA[wx58ed2758eab878fb]]></appid>
<attach><![CDATA[26]]></attach>
<bank_type><![CDATA[CFT]]></bank_type>
<cash_fee><![CDATA[3]]></cash_fee>
<fee_type><![CDATA[CNY]]></fee_type>
<is_subscribe><![CDATA[Y]]></is_subscribe>
<mch_id><![CDATA[1392098502]]></mch_id>
<nonce_str><![CDATA[UiIRWiIT]]></nonce_str>
<openid><![CDATA[oFan6wZrsom0HDNO_eRGwI9XNOjk]]></openid>
<out_trade_no><![CDATA[2016112815025800001364622832]]></out_trade_no>
<result_code><![CDATA[SUCCESS]]></result_code>
<return_code><![CDATA[SUCCESS]]></return_code>
<sign><![CDATA[D5127BA1E9BE61265E594363FC1EBEE0]]></sign>
<time_end><![CDATA[20161128150305]]></time_end>
<total_fee>3</total_fee>
<trade_type><![CDATA[JSAPI]]></trade_type>
<transaction_id><![CDATA[4000012001201611281081894006]]></transaction_id>
</xml>'
'/=====================================================================================2016-11-28 16:29:21/'
'<xml><appid><![CDATA[wx58ed2758eab878fb]]></appid>
<attach><![CDATA[26]]></attach>
<bank_type><![CDATA[CFT]]></bank_type>
<cash_fee><![CDATA[2]]></cash_fee>
<fee_type><![CDATA[CNY]]></fee_type>
<is_subscribe><![CDATA[Y]]></is_subscribe>
<mch_id><![CDATA[1392098502]]></mch_id>
<nonce_str><![CDATA[wQ0ySfQ3]]></nonce_str>
<openid><![CDATA[oFan6wZrsom0HDNO_eRGwI9XNOjk]]></openid>
<out_trade_no><![CDATA[2016112816291300001318517653]]></out_trade_no>
<result_code><![CDATA[SUCCESS]]></result_code>
<return_code><![CDATA[SUCCESS]]></return_code>
<sign><![CDATA[92EC4DC15AC5D91DD84B9162F2CA8073]]></sign>
<time_end><![CDATA[20161128162920]]></time_end>
<total_fee>2</total_fee>
<trade_type><![CDATA[JSAPI]]></trade_type>
<transaction_id><![CDATA[4000012001201611281089544711]]></transaction_id>
</xml>'
'/=====================================================================================2016-11-28 16:43:45/'
'<xml><appid><![CDATA[wx58ed2758eab878fb]]></appid>
<attach><![CDATA[26]]></attach>
<bank_type><![CDATA[CFT]]></bank_type>
<cash_fee><![CDATA[2]]></cash_fee>
<fee_type><![CDATA[CNY]]></fee_type>
<is_subscribe><![CDATA[Y]]></is_subscribe>
<mch_id><![CDATA[1392098502]]></mch_id>
<nonce_str><![CDATA[BoPBHFTO]]></nonce_str>
<openid><![CDATA[oFan6wZrsom0HDNO_eRGwI9XNOjk]]></openid>
<out_trade_no><![CDATA[2016112816433800001345385115]]></out_trade_no>
<result_code><![CDATA[SUCCESS]]></result_code>
<return_code><![CDATA[SUCCESS]]></return_code>
<sign><![CDATA[5014350504DC33F3FBCED1ADB8E65D43]]></sign>
<time_end><![CDATA[20161128164345]]></time_end>
<total_fee>2</total_fee>
<trade_type><![CDATA[JSAPI]]></trade_type>
<transaction_id><![CDATA[4000012001201611281091962497]]></transaction_id>
</xml>'
