'/=====================================================================================2016-11-29 10:44:30/'
array (
  'weid' => NULL,
  'uniacid' => '26',
  'acid' => '26',
  'result' => 'success',
  'type' => 'wechat',
  'from' => 'notify',
  'tid' => '2016112910441700001366209294',
  'uniontid' => '2016112910441700001366209294',
  'transaction_id' => NULL,
  'trade_type' => 'JSAPI',
  'follow' => 1,
  'user' => 'oFan6wZrsom0HDNO_eRGwI9XNOjk',
  'fee' => '0.01',
  'tag' => 
  array (
    'transaction_id' => '4000012001201611291153906585',
  ),
  'is_usecard' => '0',
  'card_type' => '0',
  'card_fee' => '0.01',
  'card_id' => '',
  'paytime' => 1480387470,
)
'/=====================================================================================2016-11-29 13:56:09/'
array (
  'weid' => NULL,
  'uniacid' => '26',
  'acid' => '26',
  'result' => 'success',
  'type' => 'wechat',
  'from' => 'notify',
  'tid' => '2016112913555900001362146206',
  'uniontid' => '2016112913555900001362146206',
  'transaction_id' => NULL,
  'trade_type' => 'JSAPI',
  'follow' => 1,
  'user' => 'oFan6wZrsom0HDNO_eRGwI9XNOjk',
  'fee' => '0.01',
  'tag' => 
  array (
    'transaction_id' => '4000012001201611291173772044',
  ),
  'is_usecard' => '0',
  'card_type' => '0',
  'card_fee' => '0.01',
  'card_id' => '',
  'paytime' => 1480398969,
)
'/=====================================================================================2016-11-29 13:57:52/'
array (
  'weid' => NULL,
  'uniacid' => '26',
  'acid' => '26',
  'result' => 'success',
  'type' => 'wechat',
  'from' => 'notify',
  'tid' => '2016112913574000001366824145',
  'uniontid' => '2016112913574000001366824145',
  'transaction_id' => NULL,
  'trade_type' => 'JSAPI',
  'follow' => 1,
  'user' => 'oFan6wZrsom0HDNO_eRGwI9XNOjk',
  'fee' => '0.02',
  'tag' => 
  array (
    'transaction_id' => '4000012001201611291173770542',
  ),
  'is_usecard' => '0',
  'card_type' => '0',
  'card_fee' => '0.02',
  'card_id' => '',
  'paytime' => 1480399070,
)
'/=====================================================================================2016-11-29 14:41:00/'
array (
  'weid' => NULL,
  'uniacid' => '26',
  'acid' => '26',
  'result' => 'success',
  'type' => 'wechat',
  'from' => 'notify',
  'tid' => '2016112914405200001344566772',
  'uniontid' => '2016112914405200001344566772',
  'transaction_id' => NULL,
  'trade_type' => 'JSAPI',
  'follow' => 1,
  'user' => 'oFan6wZrsom0HDNO_eRGwI9XNOjk',
  'fee' => '0.01',
  'tag' => 
  array (
    'transaction_id' => '4000012001201611291179579873',
  ),
  'is_usecard' => '0',
  'card_type' => '0',
  'card_fee' => '0.01',
  'card_id' => '',
  'paytime' => 1480401660,
)
