'/=====================================================================================2016-11-29 10:44:30/'
array (
  'appid' => 'wx58ed2758eab878fb',
  'attach' => '26',
  'bank_type' => 'CFT',
  'cash_fee' => '1',
  'fee_type' => 'CNY',
  'is_subscribe' => 'Y',
  'mch_id' => '1392098502',
  'nonce_str' => 'xRCjQg4Q',
  'openid' => 'oFan6wZrsom0HDNO_eRGwI9XNOjk',
  'out_trade_no' => '2016112910441700001366209294',
  'result_code' => 'SUCCESS',
  'return_code' => 'SUCCESS',
  'sign' => 'ABB66182991C4BB5160CF06D4B1743C5',
  'time_end' => '20161129104430',
  'total_fee' => '1',
  'trade_type' => 'JSAPI',
  'transaction_id' => '4000012001201611291153906585',
)
'/=====================================================================================2016-11-29 13:56:09/'
array (
  'appid' => 'wx58ed2758eab878fb',
  'attach' => '26',
  'bank_type' => 'CFT',
  'cash_fee' => '1',
  'fee_type' => 'CNY',
  'is_subscribe' => 'Y',
  'mch_id' => '1392098502',
  'nonce_str' => 'SOV3TvY3',
  'openid' => 'oFan6wZrsom0HDNO_eRGwI9XNOjk',
  'out_trade_no' => '2016112913555900001362146206',
  'result_code' => 'SUCCESS',
  'return_code' => 'SUCCESS',
  'sign' => '8CA4F02867CED2D3B5CB7238FC20B02A',
  'time_end' => '20161129135609',
  'total_fee' => '1',
  'trade_type' => 'JSAPI',
  'transaction_id' => '4000012001201611291173772044',
)
'/=====================================================================================2016-11-29 13:57:52/'
array (
  'appid' => 'wx58ed2758eab878fb',
  'attach' => '26',
  'bank_type' => 'CFT',
  'cash_fee' => '2',
  'fee_type' => 'CNY',
  'is_subscribe' => 'Y',
  'mch_id' => '1392098502',
  'nonce_str' => 'sptMgN4H',
  'openid' => 'oFan6wZrsom0HDNO_eRGwI9XNOjk',
  'out_trade_no' => '2016112913574000001366824145',
  'result_code' => 'SUCCESS',
  'return_code' => 'SUCCESS',
  'sign' => '85BCB6334F01642754440DD8C86A4639',
  'time_end' => '20161129135750',
  'total_fee' => '2',
  'trade_type' => 'JSAPI',
  'transaction_id' => '4000012001201611291173770542',
)
'/=====================================================================================2016-11-29 14:41:00/'
array (
  'appid' => 'wx58ed2758eab878fb',
  'attach' => '26',
  'bank_type' => 'CFT',
  'cash_fee' => '1',
  'fee_type' => 'CNY',
  'is_subscribe' => 'Y',
  'mch_id' => '1392098502',
  'nonce_str' => 'bgGGfP1o',
  'openid' => 'oFan6wZrsom0HDNO_eRGwI9XNOjk',
  'out_trade_no' => '2016112914405200001344566772',
  'result_code' => 'SUCCESS',
  'return_code' => 'SUCCESS',
  'sign' => '127E75B66CB4FE3A92A9A9BED2662551',
  'time_end' => '20161129144100',
  'total_fee' => '1',
  'trade_type' => 'JSAPI',
  'transaction_id' => '4000012001201611291179579873',
)
