'/=====================================================================================2016-11-16 13:18:20/'
array (
  'weid' => '28',
  'uniacid' => '28',
  'result' => 'success',
  'type' => 'wechat',
  'from' => 'return',
  'tid' => '20161116696595840222',
  'uniontid' => '2016111613181100001335233323',
  'user' => 'o_eu-w5jEldDZMdcN9L7b6hRk5ic',
  'fee' => '0.01',
  'tag' => 
  array (
    'transaction_id' => '4009582001201611169897833927',
  ),
  'is_usecard' => '0',
  'card_type' => '0',
  'card_fee' => '0.01',
  'card_id' => '',
)
'/=====================================================================================2016-11-16 13:18:30/'
array (
  'weid' => '28',
  'uniacid' => '28',
  'result' => 'success',
  'type' => 'wechat',
  'from' => 'return',
  'tid' => '20161116696595840222',
  'uniontid' => '2016111613181100001335233323',
  'user' => 'o_eu-w5jEldDZMdcN9L7b6hRk5ic',
  'fee' => '0.01',
  'tag' => 
  array (
    'transaction_id' => '4009582001201611169897833927',
  ),
  'is_usecard' => '0',
  'card_type' => '0',
  'card_fee' => '0.01',
  'card_id' => '',
)
'/=====================================================================================2016-11-16 13:20:55/'
array (
  'weid' => '28',
  'uniacid' => '28',
  'result' => 'success',
  'type' => 'wechat',
  'from' => 'return',
  'tid' => '20161116736426518877',
  'uniontid' => '2016111613204600001328437781',
  'user' => 'o_eu-w6sQ3sGZk2oedXqtJMkn29M',
  'fee' => '0.01',
  'tag' => 
  array (
    'transaction_id' => '4005312001201611169897894781',
  ),
  'is_usecard' => '0',
  'card_type' => '0',
  'card_fee' => '0.01',
  'card_id' => '',
)
'/=====================================================================================2016-11-16 13:21:11/'
array (
  'weid' => '28',
  'uniacid' => '28',
  'result' => 'success',
  'type' => 'wechat',
  'from' => 'return',
  'tid' => '20161116736426518877',
  'uniontid' => '2016111613204600001328437781',
  'user' => 'o_eu-w6sQ3sGZk2oedXqtJMkn29M',
  'fee' => '0.01',
  'tag' => 
  array (
    'transaction_id' => '4005312001201611169897894781',
  ),
  'is_usecard' => '0',
  'card_type' => '0',
  'card_fee' => '0.01',
  'card_id' => '',
)
'/=====================================================================================2016-11-16 13:21:59/'
array (
  'weid' => '28',
  'uniacid' => '28',
  'result' => 'success',
  'type' => 'wechat',
  'from' => 'return',
  'tid' => '20161116737071580392',
  'uniontid' => '2016111613215100001317285938',
  'user' => 'o_eu-w6sQ3sGZk2oedXqtJMkn29M',
  'fee' => '0.01',
  'tag' => 
  array (
    'transaction_id' => '4005312001201611169898010880',
  ),
  'is_usecard' => '0',
  'card_type' => '0',
  'card_fee' => '0.01',
  'card_id' => '',
)
'/=====================================================================================2016-11-16 13:22:16/'
array (
  'weid' => '28',
  'uniacid' => '28',
  'result' => 'success',
  'type' => 'wechat',
  'from' => 'return',
  'tid' => '20161116737071580392',
  'uniontid' => '2016111613215100001317285938',
  'user' => 'o_eu-w6sQ3sGZk2oedXqtJMkn29M',
  'fee' => '0.01',
  'tag' => 
  array (
    'transaction_id' => '4005312001201611169898010880',
  ),
  'is_usecard' => '0',
  'card_type' => '0',
  'card_fee' => '0.01',
  'card_id' => '',
)
'/=====================================================================================2016-11-16 13:22:55/'
array (
  'weid' => '28',
  'uniacid' => '28',
  'result' => 'success',
  'type' => 'wechat',
  'from' => 'return',
  'tid' => '20161116737592371015',
  'uniontid' => '2016111613224000001393283948',
  'user' => 'o_eu-w5jEldDZMdcN9L7b6hRk5ic',
  'fee' => '2.00',
  'tag' => 
  array (
    'transaction_id' => '4009582001201611169898438167',
  ),
  'is_usecard' => '0',
  'card_type' => '0',
  'card_fee' => '2.00',
  'card_id' => '',
)
'/=====================================================================================2016-11-16 13:23:13/'
array (
  'weid' => '28',
  'uniacid' => '28',
  'result' => 'success',
  'type' => 'wechat',
  'from' => 'return',
  'tid' => '20161116737592371015',
  'uniontid' => '2016111613224000001393283948',
  'user' => 'o_eu-w5jEldDZMdcN9L7b6hRk5ic',
  'fee' => '2.00',
  'tag' => 
  array (
    'transaction_id' => '4009582001201611169898438167',
  ),
  'is_usecard' => '0',
  'card_type' => '0',
  'card_fee' => '2.00',
  'card_id' => '',
)
'/=====================================================================================2016-11-16 15:50:54/'
array (
  'weid' => '28',
  'uniacid' => '28',
  'result' => 'success',
  'type' => 'wechat',
  'from' => 'return',
  'tid' => '20161116826353245961',
  'uniontid' => '2016111615503900001340127764',
  'user' => 'o_eu-w4ifM3qFkgE_U-ATMvqwkp0',
  'fee' => '0.01',
  'tag' => 
  array (
    'transaction_id' => '4003932001201611169910537014',
  ),
  'is_usecard' => '0',
  'card_type' => '0',
  'card_fee' => '0.01',
  'card_id' => '',
)
'/=====================================================================================2016-11-16 15:51:10/'
array (
  'weid' => '28',
  'uniacid' => '28',
  'result' => 'success',
  'type' => 'wechat',
  'from' => 'return',
  'tid' => '20161116826353245961',
  'uniontid' => '2016111615503900001340127764',
  'user' => 'o_eu-w4ifM3qFkgE_U-ATMvqwkp0',
  'fee' => '0.01',
  'tag' => 
  array (
    'transaction_id' => '4003932001201611169910537014',
  ),
  'is_usecard' => '0',
  'card_type' => '0',
  'card_fee' => '0.01',
  'card_id' => '',
)
