'/=====================================================================================2016-11-16 13:18:17/'
array (
  'weid' => NULL,
  'uniacid' => '28',
  'acid' => '28',
  'result' => 'success',
  'type' => 'wechat',
  'from' => 'notify',
  'tid' => '20161116696595840222',
  'uniontid' => '2016111613181100001335233323',
  'transaction_id' => NULL,
  'trade_type' => 'JSAPI',
  'follow' => 1,
  'user' => 'o_eu-w5jEldDZMdcN9L7b6hRk5ic',
  'fee' => '0.01',
  'tag' => 
  array (
    'transaction_id' => '4009582001201611169897833927',
  ),
  'is_usecard' => '0',
  'card_type' => '0',
  'card_fee' => '0.01',
  'card_id' => '',
  'paytime' => 1479273496,
)
'/=====================================================================================2016-11-16 13:20:53/'
array (
  'weid' => NULL,
  'uniacid' => '28',
  'acid' => '28',
  'result' => 'success',
  'type' => 'wechat',
  'from' => 'notify',
  'tid' => '20161116736426518877',
  'uniontid' => '2016111613204600001328437781',
  'transaction_id' => NULL,
  'trade_type' => 'JSAPI',
  'follow' => 1,
  'user' => 'o_eu-w6sQ3sGZk2oedXqtJMkn29M',
  'fee' => '0.01',
  'tag' => 
  array (
    'transaction_id' => '4005312001201611169897894781',
  ),
  'is_usecard' => '0',
  'card_type' => '0',
  'card_fee' => '0.01',
  'card_id' => '',
  'paytime' => 1479273652,
)
'/=====================================================================================2016-11-16 13:21:57/'
array (
  'weid' => NULL,
  'uniacid' => '28',
  'acid' => '28',
  'result' => 'success',
  'type' => 'wechat',
  'from' => 'notify',
  'tid' => '20161116737071580392',
  'uniontid' => '2016111613215100001317285938',
  'transaction_id' => NULL,
  'trade_type' => 'JSAPI',
  'follow' => 1,
  'user' => 'o_eu-w6sQ3sGZk2oedXqtJMkn29M',
  'fee' => '0.01',
  'tag' => 
  array (
    'transaction_id' => '4005312001201611169898010880',
  ),
  'is_usecard' => '0',
  'card_type' => '0',
  'card_fee' => '0.01',
  'card_id' => '',
  'paytime' => 1479273716,
)
'/=====================================================================================2016-11-16 13:22:47/'
array (
  'weid' => NULL,
  'uniacid' => '28',
  'acid' => '28',
  'result' => 'success',
  'type' => 'wechat',
  'from' => 'notify',
  'tid' => '20161116737592371015',
  'uniontid' => '2016111613224000001393283948',
  'transaction_id' => NULL,
  'trade_type' => 'JSAPI',
  'follow' => 1,
  'user' => 'o_eu-w5jEldDZMdcN9L7b6hRk5ic',
  'fee' => '2.00',
  'tag' => 
  array (
    'transaction_id' => '4009582001201611169898438167',
  ),
  'is_usecard' => '0',
  'card_type' => '0',
  'card_fee' => '2.00',
  'card_id' => '',
  'paytime' => 1479273765,
)
'/=====================================================================================2016-11-16 15:50:49/'
array (
  'weid' => NULL,
  'uniacid' => '28',
  'acid' => '28',
  'result' => 'success',
  'type' => 'wechat',
  'from' => 'notify',
  'tid' => '20161116826353245961',
  'uniontid' => '2016111615503900001340127764',
  'transaction_id' => NULL,
  'trade_type' => 'JSAPI',
  'follow' => 1,
  'user' => 'o_eu-w4ifM3qFkgE_U-ATMvqwkp0',
  'fee' => '0.01',
  'tag' => 
  array (
    'transaction_id' => '4003932001201611169910537014',
  ),
  'is_usecard' => '0',
  'card_type' => '0',
  'card_fee' => '0.01',
  'card_id' => '',
  'paytime' => 1479282648,
)
