'/=====================================================================================2016-11-16 13:18:17/'
array (
  'appid' => 'wx238f420aa452f141',
  'attach' => '28',
  'bank_type' => 'CFT',
  'cash_fee' => '1',
  'fee_type' => 'CNY',
  'is_subscribe' => 'Y',
  'mch_id' => '1297486701',
  'nonce_str' => 'T6qQ7acz',
  'openid' => 'o_eu-w5jEldDZMdcN9L7b6hRk5ic',
  'out_trade_no' => '2016111613181100001335233323',
  'result_code' => 'SUCCESS',
  'return_code' => 'SUCCESS',
  'sign' => 'E2768CE2F3A2AA2DD776499DD0A6E449',
  'time_end' => '20161116131816',
  'total_fee' => '1',
  'trade_type' => 'JSAPI',
  'transaction_id' => '4009582001201611169897833927',
)
'/=====================================================================================2016-11-16 13:20:53/'
array (
  'appid' => 'wx238f420aa452f141',
  'attach' => '28',
  'bank_type' => 'ABC_DEBIT',
  'cash_fee' => '1',
  'fee_type' => 'CNY',
  'is_subscribe' => 'Y',
  'mch_id' => '1297486701',
  'nonce_str' => 'T34tlOEo',
  'openid' => 'o_eu-w6sQ3sGZk2oedXqtJMkn29M',
  'out_trade_no' => '2016111613204600001328437781',
  'result_code' => 'SUCCESS',
  'return_code' => 'SUCCESS',
  'sign' => '7F9CFE573B6DF8B8E0DBE1430013D9F2',
  'time_end' => '20161116132052',
  'total_fee' => '1',
  'trade_type' => 'JSAPI',
  'transaction_id' => '4005312001201611169897894781',
)
'/=====================================================================================2016-11-16 13:21:57/'
array (
  'appid' => 'wx238f420aa452f141',
  'attach' => '28',
  'bank_type' => 'ABC_DEBIT',
  'cash_fee' => '1',
  'fee_type' => 'CNY',
  'is_subscribe' => 'Y',
  'mch_id' => '1297486701',
  'nonce_str' => 'YSQ6xuqr',
  'openid' => 'o_eu-w6sQ3sGZk2oedXqtJMkn29M',
  'out_trade_no' => '2016111613215100001317285938',
  'result_code' => 'SUCCESS',
  'return_code' => 'SUCCESS',
  'sign' => '73A5805668CA3AE2FD5F9CE286E03B33',
  'time_end' => '20161116132156',
  'total_fee' => '1',
  'trade_type' => 'JSAPI',
  'transaction_id' => '4005312001201611169898010880',
)
'/=====================================================================================2016-11-16 13:22:47/'
array (
  'appid' => 'wx238f420aa452f141',
  'attach' => '28',
  'bank_type' => 'CFT',
  'cash_fee' => '200',
  'fee_type' => 'CNY',
  'is_subscribe' => 'Y',
  'mch_id' => '1297486701',
  'nonce_str' => 'MvTttbfI',
  'openid' => 'o_eu-w5jEldDZMdcN9L7b6hRk5ic',
  'out_trade_no' => '2016111613224000001393283948',
  'result_code' => 'SUCCESS',
  'return_code' => 'SUCCESS',
  'sign' => '5B1E4731FD915EAB64914FE3D87C799F',
  'time_end' => '20161116132245',
  'total_fee' => '200',
  'trade_type' => 'JSAPI',
  'transaction_id' => '4009582001201611169898438167',
)
'/=====================================================================================2016-11-16 15:50:49/'
array (
  'appid' => 'wx238f420aa452f141',
  'attach' => '28',
  'bank_type' => 'CFT',
  'cash_fee' => '1',
  'fee_type' => 'CNY',
  'is_subscribe' => 'Y',
  'mch_id' => '1297486701',
  'nonce_str' => 'vk23FUk7',
  'openid' => 'o_eu-w4ifM3qFkgE_U-ATMvqwkp0',
  'out_trade_no' => '2016111615503900001340127764',
  'result_code' => 'SUCCESS',
  'return_code' => 'SUCCESS',
  'sign' => '7C5349B00BBDAFD6260A91E68163B557',
  'time_end' => '20161116155048',
  'total_fee' => '1',
  'trade_type' => 'JSAPI',
  'transaction_id' => '4003932001201611169910537014',
)
