'/=====================================================================================2016-11-16 13:18:17/'
'<xml><appid><![CDATA[wx238f420aa452f141]]></appid>
<attach><![CDATA[28]]></attach>
<bank_type><![CDATA[CFT]]></bank_type>
<cash_fee><![CDATA[1]]></cash_fee>
<fee_type><![CDATA[CNY]]></fee_type>
<is_subscribe><![CDATA[Y]]></is_subscribe>
<mch_id><![CDATA[1297486701]]></mch_id>
<nonce_str><![CDATA[T6qQ7acz]]></nonce_str>
<openid><![CDATA[o_eu-w5jEldDZMdcN9L7b6hRk5ic]]></openid>
<out_trade_no><![CDATA[2016111613181100001335233323]]></out_trade_no>
<result_code><![CDATA[SUCCESS]]></result_code>
<return_code><![CDATA[SUCCESS]]></return_code>
<sign><![CDATA[E2768CE2F3A2AA2DD776499DD0A6E449]]></sign>
<time_end><![CDATA[20161116131816]]></time_end>
<total_fee>1</total_fee>
<trade_type><![CDATA[JSAPI]]></trade_type>
<transaction_id><![CDATA[4009582001201611169897833927]]></transaction_id>
</xml>'
'/=====================================================================================2016-11-16 13:20:53/'
'<xml><appid><![CDATA[wx238f420aa452f141]]></appid>
<attach><![CDATA[28]]></attach>
<bank_type><![CDATA[ABC_DEBIT]]></bank_type>
<cash_fee><![CDATA[1]]></cash_fee>
<fee_type><![CDATA[CNY]]></fee_type>
<is_subscribe><![CDATA[Y]]></is_subscribe>
<mch_id><![CDATA[1297486701]]></mch_id>
<nonce_str><![CDATA[T34tlOEo]]></nonce_str>
<openid><![CDATA[o_eu-w6sQ3sGZk2oedXqtJMkn29M]]></openid>
<out_trade_no><![CDATA[2016111613204600001328437781]]></out_trade_no>
<result_code><![CDATA[SUCCESS]]></result_code>
<return_code><![CDATA[SUCCESS]]></return_code>
<sign><![CDATA[7F9CFE573B6DF8B8E0DBE1430013D9F2]]></sign>
<time_end><![CDATA[20161116132052]]></time_end>
<total_fee>1</total_fee>
<trade_type><![CDATA[JSAPI]]></trade_type>
<transaction_id><![CDATA[4005312001201611169897894781]]></transaction_id>
</xml>'
'/=====================================================================================2016-11-16 13:21:57/'
'<xml><appid><![CDATA[wx238f420aa452f141]]></appid>
<attach><![CDATA[28]]></attach>
<bank_type><![CDATA[ABC_DEBIT]]></bank_type>
<cash_fee><![CDATA[1]]></cash_fee>
<fee_type><![CDATA[CNY]]></fee_type>
<is_subscribe><![CDATA[Y]]></is_subscribe>
<mch_id><![CDATA[1297486701]]></mch_id>
<nonce_str><![CDATA[YSQ6xuqr]]></nonce_str>
<openid><![CDATA[o_eu-w6sQ3sGZk2oedXqtJMkn29M]]></openid>
<out_trade_no><![CDATA[2016111613215100001317285938]]></out_trade_no>
<result_code><![CDATA[SUCCESS]]></result_code>
<return_code><![CDATA[SUCCESS]]></return_code>
<sign><![CDATA[73A5805668CA3AE2FD5F9CE286E03B33]]></sign>
<time_end><![CDATA[20161116132156]]></time_end>
<total_fee>1</total_fee>
<trade_type><![CDATA[JSAPI]]></trade_type>
<transaction_id><![CDATA[4005312001201611169898010880]]></transaction_id>
</xml>'
'/=====================================================================================2016-11-16 13:22:47/'
'<xml><appid><![CDATA[wx238f420aa452f141]]></appid>
<attach><![CDATA[28]]></attach>
<bank_type><![CDATA[CFT]]></bank_type>
<cash_fee><![CDATA[200]]></cash_fee>
<fee_type><![CDATA[CNY]]></fee_type>
<is_subscribe><![CDATA[Y]]></is_subscribe>
<mch_id><![CDATA[1297486701]]></mch_id>
<nonce_str><![CDATA[MvTttbfI]]></nonce_str>
<openid><![CDATA[o_eu-w5jEldDZMdcN9L7b6hRk5ic]]></openid>
<out_trade_no><![CDATA[2016111613224000001393283948]]></out_trade_no>
<result_code><![CDATA[SUCCESS]]></result_code>
<return_code><![CDATA[SUCCESS]]></return_code>
<sign><![CDATA[5B1E4731FD915EAB64914FE3D87C799F]]></sign>
<time_end><![CDATA[20161116132245]]></time_end>
<total_fee>200</total_fee>
<trade_type><![CDATA[JSAPI]]></trade_type>
<transaction_id><![CDATA[4009582001201611169898438167]]></transaction_id>
</xml>'
'/=====================================================================================2016-11-16 15:50:49/'
'<xml><appid><![CDATA[wx238f420aa452f141]]></appid>
<attach><![CDATA[28]]></attach>
<bank_type><![CDATA[CFT]]></bank_type>
<cash_fee><![CDATA[1]]></cash_fee>
<fee_type><![CDATA[CNY]]></fee_type>
<is_subscribe><![CDATA[Y]]></is_subscribe>
<mch_id><![CDATA[1297486701]]></mch_id>
<nonce_str><![CDATA[vk23FUk7]]></nonce_str>
<openid><![CDATA[o_eu-w4ifM3qFkgE_U-ATMvqwkp0]]></openid>
<out_trade_no><![CDATA[2016111615503900001340127764]]></out_trade_no>
<result_code><![CDATA[SUCCESS]]></result_code>
<return_code><![CDATA[SUCCESS]]></return_code>
<sign><![CDATA[7C5349B00BBDAFD6260A91E68163B557]]></sign>
<time_end><![CDATA[20161116155048]]></time_end>
<total_fee>1</total_fee>
<trade_type><![CDATA[JSAPI]]></trade_type>
<transaction_id><![CDATA[4003932001201611169910537014]]></transaction_id>
</xml>'
