'/=====================================================================================2016-11-26 14:32:02/'
array (
  'weid' => '26',
  'uniacid' => '26',
  'result' => 'success',
  'type' => 'wechat',
  'from' => 'return',
  'tid' => '20161126418671356875',
  'uniontid' => '2016112614310900001348452344',
  'user' => 'oFan6wZrsom0HDNO_eRGwI9XNOjk',
  'fee' => '0.01',
  'tag' => 
  array (
    'transaction_id' => '4000012001201611260879759045',
  ),
  'is_usecard' => '0',
  'card_type' => '0',
  'card_fee' => '0.01',
  'card_id' => '',
)
