'/=====================================================================================2016-11-26 14:31:15/'
array (
  'plid' => '7860',
  'type' => 'wechat',
  'uniacid' => '26',
  'acid' => '26',
  'openid' => 'oFan6wZrsom0HDNO_eRGwI9XNOjk',
  'uniontid' => '2016112614310900001348452344',
  'tid' => '20161126418671356875',
  'fee' => '0.01',
  'status' => 1,
  'module' => 'feng_fightgroups',
  'tag' => 
  array (
    'transaction_id' => '4000012001201611260879759045',
  ),
  'is_usecard' => '0',
  'card_type' => '0',
  'card_id' => '',
  'card_fee' => '0.01',
  'encrypt_code' => '',
  'uid' => NULL,
)
