'/=====================================================================================2016-11-22 17:48:20/'
array (
  'weid' => '26',
  'uniacid' => '26',
  'result' => 'success',
  'type' => 'wechat',
  'from' => 'return',
  'tid' => '20161122080900155431',
  'uniontid' => '2016112217481200001317160724',
  'user' => 'oFan6wZrsom0HDNO_eRGwI9XNOjk',
  'fee' => '0.01',
  'tag' => 
  array (
    'transaction_id' => '4000012001201611220503609832',
  ),
  'is_usecard' => '0',
  'card_type' => '0',
  'card_fee' => '0.01',
  'card_id' => '',
)
'/=====================================================================================2016-11-22 17:48:38/'
array (
  'weid' => '26',
  'uniacid' => '26',
  'result' => 'success',
  'type' => 'wechat',
  'from' => 'return',
  'tid' => '20161122080900155431',
  'uniontid' => '2016112217481200001317160724',
  'user' => 'oFan6wZrsom0HDNO_eRGwI9XNOjk',
  'fee' => '0.01',
  'tag' => 
  array (
    'transaction_id' => '4000012001201611220503609832',
  ),
  'is_usecard' => '0',
  'card_type' => '0',
  'card_fee' => '0.01',
  'card_id' => '',
)
'/=====================================================================================2016-11-22 17:49:16/'
array (
  'weid' => '26',
  'uniacid' => '26',
  'result' => 'success',
  'type' => 'wechat',
  'from' => 'return',
  'tid' => '20161122081467051356',
  'uniontid' => '2016112217490800001347886324',
  'user' => 'oFan6wfIMxnlAspMvw4FYz8bOn00',
  'fee' => '0.01',
  'tag' => 
  array (
    'transaction_id' => '4003322001201611220504806971',
  ),
  'is_usecard' => '0',
  'card_type' => '0',
  'card_fee' => '0.01',
  'card_id' => '',
)
'/=====================================================================================2016-11-22 17:49:34/'
array (
  'weid' => '26',
  'uniacid' => '26',
  'result' => 'success',
  'type' => 'wechat',
  'from' => 'return',
  'tid' => '20161122081467051356',
  'uniontid' => '2016112217490800001347886324',
  'user' => 'oFan6wfIMxnlAspMvw4FYz8bOn00',
  'fee' => '0.01',
  'tag' => 
  array (
    'transaction_id' => '4003322001201611220504806971',
  ),
  'is_usecard' => '0',
  'card_type' => '0',
  'card_fee' => '0.01',
  'card_id' => '',
)
