'/=====================================================================================2016-11-22 17:48:19/'
array (
  'appid' => 'wx58ed2758eab878fb',
  'attach' => '26',
  'bank_type' => 'CFT',
  'cash_fee' => '1',
  'fee_type' => 'CNY',
  'is_subscribe' => 'Y',
  'mch_id' => '1392098502',
  'nonce_str' => 's8D72F68',
  'openid' => 'oFan6wZrsom0HDNO_eRGwI9XNOjk',
  'out_trade_no' => '2016112217481200001317160724',
  'result_code' => 'SUCCESS',
  'return_code' => 'SUCCESS',
  'sign' => '45747D8018082546C88EB1A78CF2BFEB',
  'time_end' => '20161122174819',
  'total_fee' => '1',
  'trade_type' => 'JSAPI',
  'transaction_id' => '4000012001201611220503609832',
)
'/=====================================================================================2016-11-22 17:49:15/'
array (
  'appid' => 'wx58ed2758eab878fb',
  'attach' => '26',
  'bank_type' => 'CFT',
  'cash_fee' => '1',
  'fee_type' => 'CNY',
  'is_subscribe' => 'Y',
  'mch_id' => '1392098502',
  'nonce_str' => 'HNcebbn2',
  'openid' => 'oFan6wfIMxnlAspMvw4FYz8bOn00',
  'out_trade_no' => '2016112217490800001347886324',
  'result_code' => 'SUCCESS',
  'return_code' => 'SUCCESS',
  'sign' => '69552B47BCFD0EB18E65A4C18E21B9D4',
  'time_end' => '20161122174914',
  'total_fee' => '1',
  'trade_type' => 'JSAPI',
  'transaction_id' => '4003322001201611220504806971',
)
