'/=====================================================================================2016-11-22 17:48:19/'
array (
  'plid' => '7847',
  'type' => 'wechat',
  'uniacid' => '26',
  'acid' => '26',
  'openid' => 'oFan6wZrsom0HDNO_eRGwI9XNOjk',
  'uniontid' => '2016112217481200001317160724',
  'tid' => '20161122080900155431',
  'fee' => '0.01',
  'status' => 1,
  'module' => 'feng_fightgroups',
  'tag' => 
  array (
    'transaction_id' => '4000012001201611220503609832',
  ),
  'is_usecard' => '0',
  'card_type' => '0',
  'card_id' => '',
  'card_fee' => '0.01',
  'encrypt_code' => '',
  'uid' => NULL,
)
'/=====================================================================================2016-11-22 17:49:15/'
array (
  'plid' => '7848',
  'type' => 'wechat',
  'uniacid' => '26',
  'acid' => '26',
  'openid' => 'oFan6wfIMxnlAspMvw4FYz8bOn00',
  'uniontid' => '2016112217490800001347886324',
  'tid' => '20161122081467051356',
  'fee' => '0.01',
  'status' => 1,
  'module' => 'feng_fightgroups',
  'tag' => 
  array (
    'transaction_id' => '4003322001201611220504806971',
  ),
  'is_usecard' => '0',
  'card_type' => '0',
  'card_id' => '',
  'card_fee' => '0.01',
  'encrypt_code' => '',
  'uid' => NULL,
)
