'/=====================================================================================2016-11-12 10:23:35/'
array (
  'weid' => '26',
  'uniacid' => '26',
  'result' => 'success',
  'type' => 'wechat',
  'from' => 'return',
  'tid' => '20161112173955668400',
  'uniontid' => '2016111210231800001384448208',
  'user' => 'oFan6wZrsom0HDNO_eRGwI9XNOjk',
  'fee' => '0.01',
  'tag' => 
  array (
    'transaction_id' => '4000012001201611129505659236',
  ),
  'is_usecard' => '0',
  'card_type' => '0',
  'card_fee' => '0.01',
  'card_id' => '',
)
'/=====================================================================================2016-11-12 10:23:51/'
array (
  'weid' => '26',
  'uniacid' => '26',
  'result' => 'success',
  'type' => 'wechat',
  'from' => 'return',
  'tid' => '20161112173955668400',
  'uniontid' => '2016111210231800001384448208',
  'user' => 'oFan6wZrsom0HDNO_eRGwI9XNOjk',
  'fee' => '0.01',
  'tag' => 
  array (
    'transaction_id' => '4000012001201611129505659236',
  ),
  'is_usecard' => '0',
  'card_type' => '0',
  'card_fee' => '0.01',
  'card_id' => '',
)
'/=====================================================================================2016-11-12 10:24:18/'
array (
  'weid' => '26',
  'uniacid' => '26',
  'result' => 'success',
  'type' => 'wechat',
  'from' => 'return',
  'tid' => '20161112174454413499',
  'uniontid' => '2016111210240800001378787896',
  'user' => 'oFan6wfIMxnlAspMvw4FYz8bOn00',
  'fee' => '0.01',
  'tag' => 
  array (
    'transaction_id' => '4003322001201611129503909046',
  ),
  'is_usecard' => '0',
  'card_type' => '0',
  'card_fee' => '0.01',
  'card_id' => '',
)
'/=====================================================================================2016-11-12 10:24:35/'
array (
  'weid' => '26',
  'uniacid' => '26',
  'result' => 'success',
  'type' => 'wechat',
  'from' => 'return',
  'tid' => '20161112174454413499',
  'uniontid' => '2016111210240800001378787896',
  'user' => 'oFan6wfIMxnlAspMvw4FYz8bOn00',
  'fee' => '0.01',
  'tag' => 
  array (
    'transaction_id' => '4003322001201611129503909046',
  ),
  'is_usecard' => '0',
  'card_type' => '0',
  'card_fee' => '0.01',
  'card_id' => '',
)
'/=====================================================================================2016-11-12 10:24:47/'
array (
  'weid' => '26',
  'uniacid' => '26',
  'result' => 'success',
  'type' => 'wechat',
  'from' => 'return',
  'tid' => '20161112174731718342',
  'uniontid' => '2016111210243500001328828837',
  'user' => 'oFan6wZrsom0HDNO_eRGwI9XNOjk',
  'fee' => '0.01',
  'tag' => 
  array (
    'transaction_id' => '4000012001201611129503835794',
  ),
  'is_usecard' => '0',
  'card_type' => '0',
  'card_fee' => '0.01',
  'card_id' => '',
)
'/=====================================================================================2016-11-12 10:25:05/'
array (
  'weid' => '26',
  'uniacid' => '26',
  'result' => 'success',
  'type' => 'wechat',
  'from' => 'return',
  'tid' => '20161112174731718342',
  'uniontid' => '2016111210243500001328828837',
  'user' => 'oFan6wZrsom0HDNO_eRGwI9XNOjk',
  'fee' => '0.01',
  'tag' => 
  array (
    'transaction_id' => '4000012001201611129503835794',
  ),
  'is_usecard' => '0',
  'card_type' => '0',
  'card_fee' => '0.01',
  'card_id' => '',
)
'/=====================================================================================2016-11-12 10:25:15/'
array (
  'weid' => '26',
  'uniacid' => '26',
  'result' => 'success',
  'type' => 'wechat',
  'from' => 'return',
  'tid' => '20161112175009232819',
  'uniontid' => '2016111210250300001324214246',
  'user' => 'oFan6wfIMxnlAspMvw4FYz8bOn00',
  'fee' => '0.01',
  'tag' => 
  array (
    'transaction_id' => '4003322001201611129505709706',
  ),
  'is_usecard' => '0',
  'card_type' => '0',
  'card_fee' => '0.01',
  'card_id' => '',
)
'/=====================================================================================2016-11-12 10:25:30/'
array (
  'weid' => '26',
  'uniacid' => '26',
  'result' => 'success',
  'type' => 'wechat',
  'from' => 'return',
  'tid' => '20161112175009232819',
  'uniontid' => '2016111210250300001324214246',
  'user' => 'oFan6wfIMxnlAspMvw4FYz8bOn00',
  'fee' => '0.01',
  'tag' => 
  array (
    'transaction_id' => '4003322001201611129505709706',
  ),
  'is_usecard' => '0',
  'card_type' => '0',
  'card_fee' => '0.01',
  'card_id' => '',
)
'/=====================================================================================2016-11-12 11:27:38/'
array (
  'result' => 'success',
  'type' => 'credit',
  'from' => 'notify',
  'tid' => '20161112212541942100',
  'user' => 'oFan6wZrsom0HDNO_eRGwI9XNOjk',
  'fee' => '0.01',
  'weid' => NULL,
  'uniacid' => '26',
  'acid' => '26',
  'is_usecard' => '0',
  'card_type' => '0',
  'card_fee' => '0.01',
  'card_id' => '',
)
'/=====================================================================================2016-11-12 11:28:05/'
array (
  'weid' => '26',
  'uniacid' => '26',
  'result' => 'success',
  'type' => 'wechat',
  'from' => 'return',
  'tid' => '20161112212749308132',
  'uniontid' => '2016111211275700001347818226',
  'user' => 'oFan6wfIMxnlAspMvw4FYz8bOn00',
  'fee' => '0.01',
  'tag' => 
  array (
    'transaction_id' => '4003322001201611129510973735',
  ),
  'is_usecard' => '0',
  'card_type' => '0',
  'card_fee' => '0.01',
  'card_id' => '',
)
'/=====================================================================================2016-11-12 11:28:22/'
array (
  'weid' => '26',
  'uniacid' => '26',
  'result' => 'success',
  'type' => 'wechat',
  'from' => 'return',
  'tid' => '20161112212749308132',
  'uniontid' => '2016111211275700001347818226',
  'user' => 'oFan6wfIMxnlAspMvw4FYz8bOn00',
  'fee' => '0.01',
  'tag' => 
  array (
    'transaction_id' => '4003322001201611129510973735',
  ),
  'is_usecard' => '0',
  'card_type' => '0',
  'card_fee' => '0.01',
  'card_id' => '',
)
'/=====================================================================================2016-11-12 11:57:58/'
array (
  'result' => 'success',
  'type' => 'credit',
  'from' => 'notify',
  'tid' => '20161112230752140456',
  'user' => 'oFan6wZrsom0HDNO_eRGwI9XNOjk',
  'fee' => '0.01',
  'weid' => NULL,
  'uniacid' => '26',
  'acid' => '26',
  'is_usecard' => '0',
  'card_type' => '0',
  'card_fee' => '0.01',
  'card_id' => '',
)
'/=====================================================================================2016-11-12 11:58:25/'
array (
  'weid' => '26',
  'uniacid' => '26',
  'result' => 'success',
  'type' => 'wechat',
  'from' => 'return',
  'tid' => '20161112230973235646',
  'uniontid' => '2016111211581900001366682486',
  'user' => 'oFan6wfIMxnlAspMvw4FYz8bOn00',
  'fee' => '0.01',
  'tag' => 
  array (
    'transaction_id' => '4003322001201611129516383351',
  ),
  'is_usecard' => '0',
  'card_type' => '0',
  'card_fee' => '0.01',
  'card_id' => '',
)
'/=====================================================================================2016-11-12 11:58:44/'
array (
  'weid' => '26',
  'uniacid' => '26',
  'result' => 'success',
  'type' => 'wechat',
  'from' => 'return',
  'tid' => '20161112230973235646',
  'uniontid' => '2016111211581900001366682486',
  'user' => 'oFan6wfIMxnlAspMvw4FYz8bOn00',
  'fee' => '0.01',
  'tag' => 
  array (
    'transaction_id' => '4003322001201611129516383351',
  ),
  'is_usecard' => '0',
  'card_type' => '0',
  'card_fee' => '0.01',
  'card_id' => '',
)
'/=====================================================================================2016-11-12 13:05:00/'
array (
  'result' => 'success',
  'type' => 'credit',
  'from' => 'notify',
  'tid' => '20161112270947576495',
  'user' => 'oFan6wZrsom0HDNO_eRGwI9XNOjk',
  'fee' => '0.01',
  'weid' => NULL,
  'uniacid' => '26',
  'acid' => '26',
  'is_usecard' => '0',
  'card_type' => '0',
  'card_fee' => '0.01',
  'card_id' => '',
)
'/=====================================================================================2016-11-12 13:05:41/'
array (
  'weid' => '26',
  'uniacid' => '26',
  'result' => 'success',
  'type' => 'wechat',
  'from' => 'return',
  'tid' => '20161112271322087812',
  'uniontid' => '2016111213053400001327344174',
  'user' => 'oFan6wfIMxnlAspMvw4FYz8bOn00',
  'fee' => '0.01',
  'tag' => 
  array (
    'transaction_id' => '4003322001201611129522176422',
  ),
  'is_usecard' => '0',
  'card_type' => '0',
  'card_fee' => '0.01',
  'card_id' => '',
)
'/=====================================================================================2016-11-12 13:05:58/'
array (
  'weid' => '26',
  'uniacid' => '26',
  'result' => 'success',
  'type' => 'wechat',
  'from' => 'return',
  'tid' => '20161112271322087812',
  'uniontid' => '2016111213053400001327344174',
  'user' => 'oFan6wfIMxnlAspMvw4FYz8bOn00',
  'fee' => '0.01',
  'tag' => 
  array (
    'transaction_id' => '4003322001201611129522176422',
  ),
  'is_usecard' => '0',
  'card_type' => '0',
  'card_fee' => '0.01',
  'card_id' => '',
)
'/=====================================================================================2016-11-12 14:13:58/'
array (
  'weid' => '26',
  'uniacid' => '26',
  'result' => 'success',
  'type' => 'wechat',
  'from' => 'return',
  'tid' => '20161112312292390529',
  'uniontid' => '2016111214135100001386761868',
  'user' => 'oFan6wZrsom0HDNO_eRGwI9XNOjk',
  'fee' => '0.01',
  'tag' => 
  array (
    'transaction_id' => '4000012001201611129527566631',
  ),
  'is_usecard' => '0',
  'card_type' => '0',
  'card_fee' => '0.01',
  'card_id' => '',
)
'/=====================================================================================2016-11-12 14:14:17/'
array (
  'weid' => '26',
  'uniacid' => '26',
  'result' => 'success',
  'type' => 'wechat',
  'from' => 'return',
  'tid' => '20161112312292390529',
  'uniontid' => '2016111214135100001386761868',
  'user' => 'oFan6wZrsom0HDNO_eRGwI9XNOjk',
  'fee' => '0.01',
  'tag' => 
  array (
    'transaction_id' => '4000012001201611129527566631',
  ),
  'is_usecard' => '0',
  'card_type' => '0',
  'card_fee' => '0.01',
  'card_id' => '',
)
'/=====================================================================================2016-11-12 14:15:50/'
array (
  'weid' => '26',
  'uniacid' => '26',
  'result' => 'success',
  'type' => 'wechat',
  'from' => 'return',
  'tid' => '20161112313241537941',
  'uniontid' => '2016111214152700001306752383',
  'user' => 'oFan6wSUMYD1WuUq40d22310LC9s',
  'fee' => '0.01',
  'tag' => 
  array (
    'transaction_id' => '4002372001201611129529549899',
  ),
  'is_usecard' => '0',
  'card_type' => '0',
  'card_fee' => '0.01',
  'card_id' => '',
)
'/=====================================================================================2016-11-12 14:16:05/'
array (
  'weid' => '26',
  'uniacid' => '26',
  'result' => 'success',
  'type' => 'wechat',
  'from' => 'return',
  'tid' => '20161112313241537941',
  'uniontid' => '2016111214152700001306752383',
  'user' => 'oFan6wSUMYD1WuUq40d22310LC9s',
  'fee' => '0.01',
  'tag' => 
  array (
    'transaction_id' => '4002372001201611129529549899',
  ),
  'is_usecard' => '0',
  'card_type' => '0',
  'card_fee' => '0.01',
  'card_id' => '',
)
'/=====================================================================================2016-11-12 14:19:40/'
array (
  'weid' => '26',
  'uniacid' => '26',
  'result' => 'success',
  'type' => 'wechat',
  'from' => 'return',
  'tid' => '20161112313241537941',
  'uniontid' => '2016111214152700001306752383',
  'user' => 'oFan6wSUMYD1WuUq40d22310LC9s',
  'fee' => '0.01',
  'tag' => 
  array (
    'transaction_id' => '4002372001201611129529549899',
  ),
  'is_usecard' => '0',
  'card_type' => '0',
  'card_fee' => '0.01',
  'card_id' => '',
)
