'/=====================================================================================2016-11-12 10:23:26/'
array (
  'appid' => 'wx58ed2758eab878fb',
  'attach' => '26',
  'bank_type' => 'CFT',
  'cash_fee' => '1',
  'fee_type' => 'CNY',
  'is_subscribe' => 'Y',
  'mch_id' => '1392098502',
  'nonce_str' => 'MOw4mEWy',
  'openid' => 'oFan6wZrsom0HDNO_eRGwI9XNOjk',
  'out_trade_no' => '2016111210231800001384448208',
  'result_code' => 'SUCCESS',
  'return_code' => 'SUCCESS',
  'sign' => '35AF1F43D62CBB19A14BFCB59E6C7C7F',
  'time_end' => '20161112102326',
  'total_fee' => '1',
  'trade_type' => 'JSAPI',
  'transaction_id' => '4000012001201611129505659236',
)
'/=====================================================================================2016-11-12 10:24:13/'
array (
  'appid' => 'wx58ed2758eab878fb',
  'attach' => '26',
  'bank_type' => 'CFT',
  'cash_fee' => '1',
  'fee_type' => 'CNY',
  'is_subscribe' => 'Y',
  'mch_id' => '1392098502',
  'nonce_str' => 'he4zNCCJ',
  'openid' => 'oFan6wfIMxnlAspMvw4FYz8bOn00',
  'out_trade_no' => '2016111210240800001378787896',
  'result_code' => 'SUCCESS',
  'return_code' => 'SUCCESS',
  'sign' => '8006505DB4B3041D47DBDC17E4384573',
  'time_end' => '20161112102413',
  'total_fee' => '1',
  'trade_type' => 'JSAPI',
  'transaction_id' => '4003322001201611129503909046',
)
'/=====================================================================================2016-11-12 10:24:45/'
array (
  'appid' => 'wx58ed2758eab878fb',
  'attach' => '26',
  'bank_type' => 'CFT',
  'cash_fee' => '1',
  'fee_type' => 'CNY',
  'is_subscribe' => 'Y',
  'mch_id' => '1392098502',
  'nonce_str' => 'jeY9Z9u3',
  'openid' => 'oFan6wZrsom0HDNO_eRGwI9XNOjk',
  'out_trade_no' => '2016111210243500001328828837',
  'result_code' => 'SUCCESS',
  'return_code' => 'SUCCESS',
  'sign' => 'FABFD2570F35AA49645179721F89B4B9',
  'time_end' => '20161112102445',
  'total_fee' => '1',
  'trade_type' => 'JSAPI',
  'transaction_id' => '4000012001201611129503835794',
)
'/=====================================================================================2016-11-12 10:25:07/'
array (
  'appid' => 'wx58ed2758eab878fb',
  'attach' => '26',
  'bank_type' => 'CFT',
  'cash_fee' => '1',
  'fee_type' => 'CNY',
  'is_subscribe' => 'Y',
  'mch_id' => '1392098502',
  'nonce_str' => 'lK9k5M5H',
  'openid' => 'oFan6wfIMxnlAspMvw4FYz8bOn00',
  'out_trade_no' => '2016111210250300001324214246',
  'result_code' => 'SUCCESS',
  'return_code' => 'SUCCESS',
  'sign' => 'A06881E3C82823AB243041CCA0552DC7',
  'time_end' => '20161112102507',
  'total_fee' => '1',
  'trade_type' => 'JSAPI',
  'transaction_id' => '4003322001201611129505709706',
)
'/=====================================================================================2016-11-12 11:28:02/'
array (
  'appid' => 'wx58ed2758eab878fb',
  'attach' => '26',
  'bank_type' => 'CFT',
  'cash_fee' => '1',
  'fee_type' => 'CNY',
  'is_subscribe' => 'Y',
  'mch_id' => '1392098502',
  'nonce_str' => 'kx6cgTy5',
  'openid' => 'oFan6wfIMxnlAspMvw4FYz8bOn00',
  'out_trade_no' => '2016111211275700001347818226',
  'result_code' => 'SUCCESS',
  'return_code' => 'SUCCESS',
  'sign' => '628094A8FB2A64B0E7563578377A00FB',
  'time_end' => '20161112112801',
  'total_fee' => '1',
  'trade_type' => 'JSAPI',
  'transaction_id' => '4003322001201611129510973735',
)
'/=====================================================================================2016-11-12 11:58:24/'
array (
  'appid' => 'wx58ed2758eab878fb',
  'attach' => '26',
  'bank_type' => 'CFT',
  'cash_fee' => '1',
  'fee_type' => 'CNY',
  'is_subscribe' => 'Y',
  'mch_id' => '1392098502',
  'nonce_str' => 'fjA6S1ld',
  'openid' => 'oFan6wfIMxnlAspMvw4FYz8bOn00',
  'out_trade_no' => '2016111211581900001366682486',
  'result_code' => 'SUCCESS',
  'return_code' => 'SUCCESS',
  'sign' => '5BFEFFAE360A890B4B58761B9E0AE192',
  'time_end' => '20161112115823',
  'total_fee' => '1',
  'trade_type' => 'JSAPI',
  'transaction_id' => '4003322001201611129516383351',
)
'/=====================================================================================2016-11-12 13:05:39/'
array (
  'appid' => 'wx58ed2758eab878fb',
  'attach' => '26',
  'bank_type' => 'CFT',
  'cash_fee' => '1',
  'fee_type' => 'CNY',
  'is_subscribe' => 'Y',
  'mch_id' => '1392098502',
  'nonce_str' => 'sKglnL70',
  'openid' => 'oFan6wfIMxnlAspMvw4FYz8bOn00',
  'out_trade_no' => '2016111213053400001327344174',
  'result_code' => 'SUCCESS',
  'return_code' => 'SUCCESS',
  'sign' => 'C99BC72CBF87BF90479F2FD2407546FD',
  'time_end' => '20161112130538',
  'total_fee' => '1',
  'trade_type' => 'JSAPI',
  'transaction_id' => '4003322001201611129522176422',
)
'/=====================================================================================2016-11-12 14:13:57/'
array (
  'appid' => 'wx58ed2758eab878fb',
  'attach' => '26',
  'bank_type' => 'CFT',
  'cash_fee' => '1',
  'fee_type' => 'CNY',
  'is_subscribe' => 'Y',
  'mch_id' => '1392098502',
  'nonce_str' => 'WoRkylK7',
  'openid' => 'oFan6wZrsom0HDNO_eRGwI9XNOjk',
  'out_trade_no' => '2016111214135100001386761868',
  'result_code' => 'SUCCESS',
  'return_code' => 'SUCCESS',
  'sign' => '3929AAF6BC1A0824B545ACA09F66CFEF',
  'time_end' => '20161112141356',
  'total_fee' => '1',
  'trade_type' => 'JSAPI',
  'transaction_id' => '4000012001201611129527566631',
)
'/=====================================================================================2016-11-12 14:15:49/'
array (
  'appid' => 'wx58ed2758eab878fb',
  'attach' => '26',
  'bank_type' => 'CFT',
  'cash_fee' => '1',
  'fee_type' => 'CNY',
  'is_subscribe' => 'N',
  'mch_id' => '1392098502',
  'nonce_str' => 'h1y5tAHt',
  'openid' => 'oFan6wSUMYD1WuUq40d22310LC9s',
  'out_trade_no' => '2016111214152700001306752383',
  'result_code' => 'SUCCESS',
  'return_code' => 'SUCCESS',
  'sign' => '89DF86DEDD253DD682C7096A76ABEF07',
  'time_end' => '20161112141547',
  'total_fee' => '1',
  'trade_type' => 'JSAPI',
  'transaction_id' => '4002372001201611129529549899',
)
'/=====================================================================================2016-11-12 14:16:04/'
array (
  'appid' => 'wx58ed2758eab878fb',
  'attach' => '26',
  'bank_type' => 'CFT',
  'cash_fee' => '1',
  'fee_type' => 'CNY',
  'is_subscribe' => 'N',
  'mch_id' => '1392098502',
  'nonce_str' => 'h1y5tAHt',
  'openid' => 'oFan6wSUMYD1WuUq40d22310LC9s',
  'out_trade_no' => '2016111214152700001306752383',
  'result_code' => 'SUCCESS',
  'return_code' => 'SUCCESS',
  'sign' => '89DF86DEDD253DD682C7096A76ABEF07',
  'time_end' => '20161112141547',
  'total_fee' => '1',
  'trade_type' => 'JSAPI',
  'transaction_id' => '4002372001201611129529549899',
)
'/=====================================================================================2016-11-12 14:16:20/'
array (
  'appid' => 'wx58ed2758eab878fb',
  'attach' => '26',
  'bank_type' => 'CFT',
  'cash_fee' => '1',
  'fee_type' => 'CNY',
  'is_subscribe' => 'N',
  'mch_id' => '1392098502',
  'nonce_str' => 'h1y5tAHt',
  'openid' => 'oFan6wSUMYD1WuUq40d22310LC9s',
  'out_trade_no' => '2016111214152700001306752383',
  'result_code' => 'SUCCESS',
  'return_code' => 'SUCCESS',
  'sign' => '89DF86DEDD253DD682C7096A76ABEF07',
  'time_end' => '20161112141547',
  'total_fee' => '1',
  'trade_type' => 'JSAPI',
  'transaction_id' => '4002372001201611129529549899',
)
'/=====================================================================================2016-11-12 14:16:51/'
array (
  'appid' => 'wx58ed2758eab878fb',
  'attach' => '26',
  'bank_type' => 'CFT',
  'cash_fee' => '1',
  'fee_type' => 'CNY',
  'is_subscribe' => 'N',
  'mch_id' => '1392098502',
  'nonce_str' => 'h1y5tAHt',
  'openid' => 'oFan6wSUMYD1WuUq40d22310LC9s',
  'out_trade_no' => '2016111214152700001306752383',
  'result_code' => 'SUCCESS',
  'return_code' => 'SUCCESS',
  'sign' => '89DF86DEDD253DD682C7096A76ABEF07',
  'time_end' => '20161112141547',
  'total_fee' => '1',
  'trade_type' => 'JSAPI',
  'transaction_id' => '4002372001201611129529549899',
)
'/=====================================================================================2016-11-12 14:19:52/'
array (
  'appid' => 'wx58ed2758eab878fb',
  'attach' => '26',
  'bank_type' => 'CFT',
  'cash_fee' => '1',
  'fee_type' => 'CNY',
  'is_subscribe' => 'N',
  'mch_id' => '1392098502',
  'nonce_str' => 'h1y5tAHt',
  'openid' => 'oFan6wSUMYD1WuUq40d22310LC9s',
  'out_trade_no' => '2016111214152700001306752383',
  'result_code' => 'SUCCESS',
  'return_code' => 'SUCCESS',
  'sign' => '89DF86DEDD253DD682C7096A76ABEF07',
  'time_end' => '20161112141547',
  'total_fee' => '1',
  'trade_type' => 'JSAPI',
  'transaction_id' => '4002372001201611129529549899',
)
'/=====================================================================================2016-11-12 14:49:55/'
array (
  'appid' => 'wx58ed2758eab878fb',
  'attach' => '26',
  'bank_type' => 'CFT',
  'cash_fee' => '1',
  'fee_type' => 'CNY',
  'is_subscribe' => 'N',
  'mch_id' => '1392098502',
  'nonce_str' => 'h1y5tAHt',
  'openid' => 'oFan6wSUMYD1WuUq40d22310LC9s',
  'out_trade_no' => '2016111214152700001306752383',
  'result_code' => 'SUCCESS',
  'return_code' => 'SUCCESS',
  'sign' => '89DF86DEDD253DD682C7096A76ABEF07',
  'time_end' => '20161112141547',
  'total_fee' => '1',
  'trade_type' => 'JSAPI',
  'transaction_id' => '4002372001201611129529549899',
)
'/=====================================================================================2016-11-12 15:19:58/'
array (
  'appid' => 'wx58ed2758eab878fb',
  'attach' => '26',
  'bank_type' => 'CFT',
  'cash_fee' => '1',
  'fee_type' => 'CNY',
  'is_subscribe' => 'N',
  'mch_id' => '1392098502',
  'nonce_str' => 'h1y5tAHt',
  'openid' => 'oFan6wSUMYD1WuUq40d22310LC9s',
  'out_trade_no' => '2016111214152700001306752383',
  'result_code' => 'SUCCESS',
  'return_code' => 'SUCCESS',
  'sign' => '89DF86DEDD253DD682C7096A76ABEF07',
  'time_end' => '20161112141547',
  'total_fee' => '1',
  'trade_type' => 'JSAPI',
  'transaction_id' => '4002372001201611129529549899',
)
'/=====================================================================================2016-11-12 15:50:01/'
array (
  'appid' => 'wx58ed2758eab878fb',
  'attach' => '26',
  'bank_type' => 'CFT',
  'cash_fee' => '1',
  'fee_type' => 'CNY',
  'is_subscribe' => 'N',
  'mch_id' => '1392098502',
  'nonce_str' => 'h1y5tAHt',
  'openid' => 'oFan6wSUMYD1WuUq40d22310LC9s',
  'out_trade_no' => '2016111214152700001306752383',
  'result_code' => 'SUCCESS',
  'return_code' => 'SUCCESS',
  'sign' => '89DF86DEDD253DD682C7096A76ABEF07',
  'time_end' => '20161112141547',
  'total_fee' => '1',
  'trade_type' => 'JSAPI',
  'transaction_id' => '4002372001201611129529549899',
)
'/=====================================================================================2016-11-12 16:20:02/'
array (
  'appid' => 'wx58ed2758eab878fb',
  'attach' => '26',
  'bank_type' => 'CFT',
  'cash_fee' => '1',
  'fee_type' => 'CNY',
  'is_subscribe' => 'N',
  'mch_id' => '1392098502',
  'nonce_str' => 'h1y5tAHt',
  'openid' => 'oFan6wSUMYD1WuUq40d22310LC9s',
  'out_trade_no' => '2016111214152700001306752383',
  'result_code' => 'SUCCESS',
  'return_code' => 'SUCCESS',
  'sign' => '89DF86DEDD253DD682C7096A76ABEF07',
  'time_end' => '20161112141547',
  'total_fee' => '1',
  'trade_type' => 'JSAPI',
  'transaction_id' => '4002372001201611129529549899',
)
'/=====================================================================================2016-11-12 17:20:04/'
array (
  'appid' => 'wx58ed2758eab878fb',
  'attach' => '26',
  'bank_type' => 'CFT',
  'cash_fee' => '1',
  'fee_type' => 'CNY',
  'is_subscribe' => 'N',
  'mch_id' => '1392098502',
  'nonce_str' => 'h1y5tAHt',
  'openid' => 'oFan6wSUMYD1WuUq40d22310LC9s',
  'out_trade_no' => '2016111214152700001306752383',
  'result_code' => 'SUCCESS',
  'return_code' => 'SUCCESS',
  'sign' => '89DF86DEDD253DD682C7096A76ABEF07',
  'time_end' => '20161112141547',
  'total_fee' => '1',
  'trade_type' => 'JSAPI',
  'transaction_id' => '4002372001201611129529549899',
)
