'/=====================================================================================2016-11-12 10:23:26/'
'<xml><appid><![CDATA[wx58ed2758eab878fb]]></appid>
<attach><![CDATA[26]]></attach>
<bank_type><![CDATA[CFT]]></bank_type>
<cash_fee><![CDATA[1]]></cash_fee>
<fee_type><![CDATA[CNY]]></fee_type>
<is_subscribe><![CDATA[Y]]></is_subscribe>
<mch_id><![CDATA[1392098502]]></mch_id>
<nonce_str><![CDATA[MOw4mEWy]]></nonce_str>
<openid><![CDATA[oFan6wZrsom0HDNO_eRGwI9XNOjk]]></openid>
<out_trade_no><![CDATA[2016111210231800001384448208]]></out_trade_no>
<result_code><![CDATA[SUCCESS]]></result_code>
<return_code><![CDATA[SUCCESS]]></return_code>
<sign><![CDATA[35AF1F43D62CBB19A14BFCB59E6C7C7F]]></sign>
<time_end><![CDATA[20161112102326]]></time_end>
<total_fee>1</total_fee>
<trade_type><![CDATA[JSAPI]]></trade_type>
<transaction_id><![CDATA[4000012001201611129505659236]]></transaction_id>
</xml>'
'/=====================================================================================2016-11-12 10:24:13/'
'<xml><appid><![CDATA[wx58ed2758eab878fb]]></appid>
<attach><![CDATA[26]]></attach>
<bank_type><![CDATA[CFT]]></bank_type>
<cash_fee><![CDATA[1]]></cash_fee>
<fee_type><![CDATA[CNY]]></fee_type>
<is_subscribe><![CDATA[Y]]></is_subscribe>
<mch_id><![CDATA[1392098502]]></mch_id>
<nonce_str><![CDATA[he4zNCCJ]]></nonce_str>
<openid><![CDATA[oFan6wfIMxnlAspMvw4FYz8bOn00]]></openid>
<out_trade_no><![CDATA[2016111210240800001378787896]]></out_trade_no>
<result_code><![CDATA[SUCCESS]]></result_code>
<return_code><![CDATA[SUCCESS]]></return_code>
<sign><![CDATA[8006505DB4B3041D47DBDC17E4384573]]></sign>
<time_end><![CDATA[20161112102413]]></time_end>
<total_fee>1</total_fee>
<trade_type><![CDATA[JSAPI]]></trade_type>
<transaction_id><![CDATA[4003322001201611129503909046]]></transaction_id>
</xml>'
'/=====================================================================================2016-11-12 10:24:45/'
'<xml><appid><![CDATA[wx58ed2758eab878fb]]></appid>
<attach><![CDATA[26]]></attach>
<bank_type><![CDATA[CFT]]></bank_type>
<cash_fee><![CDATA[1]]></cash_fee>
<fee_type><![CDATA[CNY]]></fee_type>
<is_subscribe><![CDATA[Y]]></is_subscribe>
<mch_id><![CDATA[1392098502]]></mch_id>
<nonce_str><![CDATA[jeY9Z9u3]]></nonce_str>
<openid><![CDATA[oFan6wZrsom0HDNO_eRGwI9XNOjk]]></openid>
<out_trade_no><![CDATA[2016111210243500001328828837]]></out_trade_no>
<result_code><![CDATA[SUCCESS]]></result_code>
<return_code><![CDATA[SUCCESS]]></return_code>
<sign><![CDATA[FABFD2570F35AA49645179721F89B4B9]]></sign>
<time_end><![CDATA[20161112102445]]></time_end>
<total_fee>1</total_fee>
<trade_type><![CDATA[JSAPI]]></trade_type>
<transaction_id><![CDATA[4000012001201611129503835794]]></transaction_id>
</xml>'
'/=====================================================================================2016-11-12 10:25:07/'
'<xml><appid><![CDATA[wx58ed2758eab878fb]]></appid>
<attach><![CDATA[26]]></attach>
<bank_type><![CDATA[CFT]]></bank_type>
<cash_fee><![CDATA[1]]></cash_fee>
<fee_type><![CDATA[CNY]]></fee_type>
<is_subscribe><![CDATA[Y]]></is_subscribe>
<mch_id><![CDATA[1392098502]]></mch_id>
<nonce_str><![CDATA[lK9k5M5H]]></nonce_str>
<openid><![CDATA[oFan6wfIMxnlAspMvw4FYz8bOn00]]></openid>
<out_trade_no><![CDATA[2016111210250300001324214246]]></out_trade_no>
<result_code><![CDATA[SUCCESS]]></result_code>
<return_code><![CDATA[SUCCESS]]></return_code>
<sign><![CDATA[A06881E3C82823AB243041CCA0552DC7]]></sign>
<time_end><![CDATA[20161112102507]]></time_end>
<total_fee>1</total_fee>
<trade_type><![CDATA[JSAPI]]></trade_type>
<transaction_id><![CDATA[4003322001201611129505709706]]></transaction_id>
</xml>'
'/=====================================================================================2016-11-12 11:28:02/'
'<xml><appid><![CDATA[wx58ed2758eab878fb]]></appid>
<attach><![CDATA[26]]></attach>
<bank_type><![CDATA[CFT]]></bank_type>
<cash_fee><![CDATA[1]]></cash_fee>
<fee_type><![CDATA[CNY]]></fee_type>
<is_subscribe><![CDATA[Y]]></is_subscribe>
<mch_id><![CDATA[1392098502]]></mch_id>
<nonce_str><![CDATA[kx6cgTy5]]></nonce_str>
<openid><![CDATA[oFan6wfIMxnlAspMvw4FYz8bOn00]]></openid>
<out_trade_no><![CDATA[2016111211275700001347818226]]></out_trade_no>
<result_code><![CDATA[SUCCESS]]></result_code>
<return_code><![CDATA[SUCCESS]]></return_code>
<sign><![CDATA[628094A8FB2A64B0E7563578377A00FB]]></sign>
<time_end><![CDATA[20161112112801]]></time_end>
<total_fee>1</total_fee>
<trade_type><![CDATA[JSAPI]]></trade_type>
<transaction_id><![CDATA[4003322001201611129510973735]]></transaction_id>
</xml>'
'/=====================================================================================2016-11-12 11:58:24/'
'<xml><appid><![CDATA[wx58ed2758eab878fb]]></appid>
<attach><![CDATA[26]]></attach>
<bank_type><![CDATA[CFT]]></bank_type>
<cash_fee><![CDATA[1]]></cash_fee>
<fee_type><![CDATA[CNY]]></fee_type>
<is_subscribe><![CDATA[Y]]></is_subscribe>
<mch_id><![CDATA[1392098502]]></mch_id>
<nonce_str><![CDATA[fjA6S1ld]]></nonce_str>
<openid><![CDATA[oFan6wfIMxnlAspMvw4FYz8bOn00]]></openid>
<out_trade_no><![CDATA[2016111211581900001366682486]]></out_trade_no>
<result_code><![CDATA[SUCCESS]]></result_code>
<return_code><![CDATA[SUCCESS]]></return_code>
<sign><![CDATA[5BFEFFAE360A890B4B58761B9E0AE192]]></sign>
<time_end><![CDATA[20161112115823]]></time_end>
<total_fee>1</total_fee>
<trade_type><![CDATA[JSAPI]]></trade_type>
<transaction_id><![CDATA[4003322001201611129516383351]]></transaction_id>
</xml>'
'/=====================================================================================2016-11-12 13:05:39/'
'<xml><appid><![CDATA[wx58ed2758eab878fb]]></appid>
<attach><![CDATA[26]]></attach>
<bank_type><![CDATA[CFT]]></bank_type>
<cash_fee><![CDATA[1]]></cash_fee>
<fee_type><![CDATA[CNY]]></fee_type>
<is_subscribe><![CDATA[Y]]></is_subscribe>
<mch_id><![CDATA[1392098502]]></mch_id>
<nonce_str><![CDATA[sKglnL70]]></nonce_str>
<openid><![CDATA[oFan6wfIMxnlAspMvw4FYz8bOn00]]></openid>
<out_trade_no><![CDATA[2016111213053400001327344174]]></out_trade_no>
<result_code><![CDATA[SUCCESS]]></result_code>
<return_code><![CDATA[SUCCESS]]></return_code>
<sign><![CDATA[C99BC72CBF87BF90479F2FD2407546FD]]></sign>
<time_end><![CDATA[20161112130538]]></time_end>
<total_fee>1</total_fee>
<trade_type><![CDATA[JSAPI]]></trade_type>
<transaction_id><![CDATA[4003322001201611129522176422]]></transaction_id>
</xml>'
'/=====================================================================================2016-11-12 14:13:57/'
'<xml><appid><![CDATA[wx58ed2758eab878fb]]></appid>
<attach><![CDATA[26]]></attach>
<bank_type><![CDATA[CFT]]></bank_type>
<cash_fee><![CDATA[1]]></cash_fee>
<fee_type><![CDATA[CNY]]></fee_type>
<is_subscribe><![CDATA[Y]]></is_subscribe>
<mch_id><![CDATA[1392098502]]></mch_id>
<nonce_str><![CDATA[WoRkylK7]]></nonce_str>
<openid><![CDATA[oFan6wZrsom0HDNO_eRGwI9XNOjk]]></openid>
<out_trade_no><![CDATA[2016111214135100001386761868]]></out_trade_no>
<result_code><![CDATA[SUCCESS]]></result_code>
<return_code><![CDATA[SUCCESS]]></return_code>
<sign><![CDATA[3929AAF6BC1A0824B545ACA09F66CFEF]]></sign>
<time_end><![CDATA[20161112141356]]></time_end>
<total_fee>1</total_fee>
<trade_type><![CDATA[JSAPI]]></trade_type>
<transaction_id><![CDATA[4000012001201611129527566631]]></transaction_id>
</xml>'
'/=====================================================================================2016-11-12 14:15:49/'
'<xml><appid><![CDATA[wx58ed2758eab878fb]]></appid>
<attach><![CDATA[26]]></attach>
<bank_type><![CDATA[CFT]]></bank_type>
<cash_fee><![CDATA[1]]></cash_fee>
<fee_type><![CDATA[CNY]]></fee_type>
<is_subscribe><![CDATA[N]]></is_subscribe>
<mch_id><![CDATA[1392098502]]></mch_id>
<nonce_str><![CDATA[h1y5tAHt]]></nonce_str>
<openid><![CDATA[oFan6wSUMYD1WuUq40d22310LC9s]]></openid>
<out_trade_no><![CDATA[2016111214152700001306752383]]></out_trade_no>
<result_code><![CDATA[SUCCESS]]></result_code>
<return_code><![CDATA[SUCCESS]]></return_code>
<sign><![CDATA[89DF86DEDD253DD682C7096A76ABEF07]]></sign>
<time_end><![CDATA[20161112141547]]></time_end>
<total_fee>1</total_fee>
<trade_type><![CDATA[JSAPI]]></trade_type>
<transaction_id><![CDATA[4002372001201611129529549899]]></transaction_id>
</xml>'
'/=====================================================================================2016-11-12 14:16:04/'
'<xml><appid><![CDATA[wx58ed2758eab878fb]]></appid>
<attach><![CDATA[26]]></attach>
<bank_type><![CDATA[CFT]]></bank_type>
<cash_fee><![CDATA[1]]></cash_fee>
<fee_type><![CDATA[CNY]]></fee_type>
<is_subscribe><![CDATA[N]]></is_subscribe>
<mch_id><![CDATA[1392098502]]></mch_id>
<nonce_str><![CDATA[h1y5tAHt]]></nonce_str>
<openid><![CDATA[oFan6wSUMYD1WuUq40d22310LC9s]]></openid>
<out_trade_no><![CDATA[2016111214152700001306752383]]></out_trade_no>
<result_code><![CDATA[SUCCESS]]></result_code>
<return_code><![CDATA[SUCCESS]]></return_code>
<sign><![CDATA[89DF86DEDD253DD682C7096A76ABEF07]]></sign>
<time_end><![CDATA[20161112141547]]></time_end>
<total_fee>1</total_fee>
<trade_type><![CDATA[JSAPI]]></trade_type>
<transaction_id><![CDATA[4002372001201611129529549899]]></transaction_id>
</xml>'
'/=====================================================================================2016-11-12 14:16:20/'
'<xml><appid><![CDATA[wx58ed2758eab878fb]]></appid>
<attach><![CDATA[26]]></attach>
<bank_type><![CDATA[CFT]]></bank_type>
<cash_fee><![CDATA[1]]></cash_fee>
<fee_type><![CDATA[CNY]]></fee_type>
<is_subscribe><![CDATA[N]]></is_subscribe>
<mch_id><![CDATA[1392098502]]></mch_id>
<nonce_str><![CDATA[h1y5tAHt]]></nonce_str>
<openid><![CDATA[oFan6wSUMYD1WuUq40d22310LC9s]]></openid>
<out_trade_no><![CDATA[2016111214152700001306752383]]></out_trade_no>
<result_code><![CDATA[SUCCESS]]></result_code>
<return_code><![CDATA[SUCCESS]]></return_code>
<sign><![CDATA[89DF86DEDD253DD682C7096A76ABEF07]]></sign>
<time_end><![CDATA[20161112141547]]></time_end>
<total_fee>1</total_fee>
<trade_type><![CDATA[JSAPI]]></trade_type>
<transaction_id><![CDATA[4002372001201611129529549899]]></transaction_id>
</xml>'
'/=====================================================================================2016-11-12 14:16:51/'
'<xml><appid><![CDATA[wx58ed2758eab878fb]]></appid>
<attach><![CDATA[26]]></attach>
<bank_type><![CDATA[CFT]]></bank_type>
<cash_fee><![CDATA[1]]></cash_fee>
<fee_type><![CDATA[CNY]]></fee_type>
<is_subscribe><![CDATA[N]]></is_subscribe>
<mch_id><![CDATA[1392098502]]></mch_id>
<nonce_str><![CDATA[h1y5tAHt]]></nonce_str>
<openid><![CDATA[oFan6wSUMYD1WuUq40d22310LC9s]]></openid>
<out_trade_no><![CDATA[2016111214152700001306752383]]></out_trade_no>
<result_code><![CDATA[SUCCESS]]></result_code>
<return_code><![CDATA[SUCCESS]]></return_code>
<sign><![CDATA[89DF86DEDD253DD682C7096A76ABEF07]]></sign>
<time_end><![CDATA[20161112141547]]></time_end>
<total_fee>1</total_fee>
<trade_type><![CDATA[JSAPI]]></trade_type>
<transaction_id><![CDATA[4002372001201611129529549899]]></transaction_id>
</xml>'
'/=====================================================================================2016-11-12 14:19:52/'
'<xml><appid><![CDATA[wx58ed2758eab878fb]]></appid>
<attach><![CDATA[26]]></attach>
<bank_type><![CDATA[CFT]]></bank_type>
<cash_fee><![CDATA[1]]></cash_fee>
<fee_type><![CDATA[CNY]]></fee_type>
<is_subscribe><![CDATA[N]]></is_subscribe>
<mch_id><![CDATA[1392098502]]></mch_id>
<nonce_str><![CDATA[h1y5tAHt]]></nonce_str>
<openid><![CDATA[oFan6wSUMYD1WuUq40d22310LC9s]]></openid>
<out_trade_no><![CDATA[2016111214152700001306752383]]></out_trade_no>
<result_code><![CDATA[SUCCESS]]></result_code>
<return_code><![CDATA[SUCCESS]]></return_code>
<sign><![CDATA[89DF86DEDD253DD682C7096A76ABEF07]]></sign>
<time_end><![CDATA[20161112141547]]></time_end>
<total_fee>1</total_fee>
<trade_type><![CDATA[JSAPI]]></trade_type>
<transaction_id><![CDATA[4002372001201611129529549899]]></transaction_id>
</xml>'
'/=====================================================================================2016-11-12 14:49:55/'
'<xml><appid><![CDATA[wx58ed2758eab878fb]]></appid>
<attach><![CDATA[26]]></attach>
<bank_type><![CDATA[CFT]]></bank_type>
<cash_fee><![CDATA[1]]></cash_fee>
<fee_type><![CDATA[CNY]]></fee_type>
<is_subscribe><![CDATA[N]]></is_subscribe>
<mch_id><![CDATA[1392098502]]></mch_id>
<nonce_str><![CDATA[h1y5tAHt]]></nonce_str>
<openid><![CDATA[oFan6wSUMYD1WuUq40d22310LC9s]]></openid>
<out_trade_no><![CDATA[2016111214152700001306752383]]></out_trade_no>
<result_code><![CDATA[SUCCESS]]></result_code>
<return_code><![CDATA[SUCCESS]]></return_code>
<sign><![CDATA[89DF86DEDD253DD682C7096A76ABEF07]]></sign>
<time_end><![CDATA[20161112141547]]></time_end>
<total_fee>1</total_fee>
<trade_type><![CDATA[JSAPI]]></trade_type>
<transaction_id><![CDATA[4002372001201611129529549899]]></transaction_id>
</xml>'
'/=====================================================================================2016-11-12 15:19:58/'
'<xml><appid><![CDATA[wx58ed2758eab878fb]]></appid>
<attach><![CDATA[26]]></attach>
<bank_type><![CDATA[CFT]]></bank_type>
<cash_fee><![CDATA[1]]></cash_fee>
<fee_type><![CDATA[CNY]]></fee_type>
<is_subscribe><![CDATA[N]]></is_subscribe>
<mch_id><![CDATA[1392098502]]></mch_id>
<nonce_str><![CDATA[h1y5tAHt]]></nonce_str>
<openid><![CDATA[oFan6wSUMYD1WuUq40d22310LC9s]]></openid>
<out_trade_no><![CDATA[2016111214152700001306752383]]></out_trade_no>
<result_code><![CDATA[SUCCESS]]></result_code>
<return_code><![CDATA[SUCCESS]]></return_code>
<sign><![CDATA[89DF86DEDD253DD682C7096A76ABEF07]]></sign>
<time_end><![CDATA[20161112141547]]></time_end>
<total_fee>1</total_fee>
<trade_type><![CDATA[JSAPI]]></trade_type>
<transaction_id><![CDATA[4002372001201611129529549899]]></transaction_id>
</xml>'
'/=====================================================================================2016-11-12 15:50:01/'
'<xml><appid><![CDATA[wx58ed2758eab878fb]]></appid>
<attach><![CDATA[26]]></attach>
<bank_type><![CDATA[CFT]]></bank_type>
<cash_fee><![CDATA[1]]></cash_fee>
<fee_type><![CDATA[CNY]]></fee_type>
<is_subscribe><![CDATA[N]]></is_subscribe>
<mch_id><![CDATA[1392098502]]></mch_id>
<nonce_str><![CDATA[h1y5tAHt]]></nonce_str>
<openid><![CDATA[oFan6wSUMYD1WuUq40d22310LC9s]]></openid>
<out_trade_no><![CDATA[2016111214152700001306752383]]></out_trade_no>
<result_code><![CDATA[SUCCESS]]></result_code>
<return_code><![CDATA[SUCCESS]]></return_code>
<sign><![CDATA[89DF86DEDD253DD682C7096A76ABEF07]]></sign>
<time_end><![CDATA[20161112141547]]></time_end>
<total_fee>1</total_fee>
<trade_type><![CDATA[JSAPI]]></trade_type>
<transaction_id><![CDATA[4002372001201611129529549899]]></transaction_id>
</xml>'
'/=====================================================================================2016-11-12 16:20:02/'
'<xml><appid><![CDATA[wx58ed2758eab878fb]]></appid>
<attach><![CDATA[26]]></attach>
<bank_type><![CDATA[CFT]]></bank_type>
<cash_fee><![CDATA[1]]></cash_fee>
<fee_type><![CDATA[CNY]]></fee_type>
<is_subscribe><![CDATA[N]]></is_subscribe>
<mch_id><![CDATA[1392098502]]></mch_id>
<nonce_str><![CDATA[h1y5tAHt]]></nonce_str>
<openid><![CDATA[oFan6wSUMYD1WuUq40d22310LC9s]]></openid>
<out_trade_no><![CDATA[2016111214152700001306752383]]></out_trade_no>
<result_code><![CDATA[SUCCESS]]></result_code>
<return_code><![CDATA[SUCCESS]]></return_code>
<sign><![CDATA[89DF86DEDD253DD682C7096A76ABEF07]]></sign>
<time_end><![CDATA[20161112141547]]></time_end>
<total_fee>1</total_fee>
<trade_type><![CDATA[JSAPI]]></trade_type>
<transaction_id><![CDATA[4002372001201611129529549899]]></transaction_id>
</xml>'
'/=====================================================================================2016-11-12 17:20:04/'
'<xml><appid><![CDATA[wx58ed2758eab878fb]]></appid>
<attach><![CDATA[26]]></attach>
<bank_type><![CDATA[CFT]]></bank_type>
<cash_fee><![CDATA[1]]></cash_fee>
<fee_type><![CDATA[CNY]]></fee_type>
<is_subscribe><![CDATA[N]]></is_subscribe>
<mch_id><![CDATA[1392098502]]></mch_id>
<nonce_str><![CDATA[h1y5tAHt]]></nonce_str>
<openid><![CDATA[oFan6wSUMYD1WuUq40d22310LC9s]]></openid>
<out_trade_no><![CDATA[2016111214152700001306752383]]></out_trade_no>
<result_code><![CDATA[SUCCESS]]></result_code>
<return_code><![CDATA[SUCCESS]]></return_code>
<sign><![CDATA[89DF86DEDD253DD682C7096A76ABEF07]]></sign>
<time_end><![CDATA[20161112141547]]></time_end>
<total_fee>1</total_fee>
<trade_type><![CDATA[JSAPI]]></trade_type>
<transaction_id><![CDATA[4002372001201611129529549899]]></transaction_id>
</xml>'
