'/=====================================================================================2016-11-24 17:46:21/'
array (
  'appid' => 'wx58ed2758eab878fb',
  'attach' => '26',
  'bank_type' => 'CFT',
  'cash_fee' => '1',
  'fee_type' => 'CNY',
  'is_subscribe' => 'Y',
  'mch_id' => '1392098502',
  'nonce_str' => 'MAfFXW3Q',
  'openid' => 'oFan6wZrsom0HDNO_eRGwI9XNOjk',
  'out_trade_no' => '2016112417461400001301374441',
  'result_code' => 'SUCCESS',
  'return_code' => 'SUCCESS',
  'sign' => '3C4FFDAD17C0FAA5B4EAC562AEDE710B',
  'time_end' => '20161124174621',
  'total_fee' => '1',
  'trade_type' => 'JSAPI',
  'transaction_id' => '4000012001201611240697573617',
)
'/=====================================================================================2016-11-24 17:47:03/'
array (
  'appid' => 'wx58ed2758eab878fb',
  'attach' => '26',
  'bank_type' => 'CFT',
  'cash_fee' => '1',
  'fee_type' => 'CNY',
  'is_subscribe' => 'Y',
  'mch_id' => '1392098502',
  'nonce_str' => 'YaqCNcZu',
  'openid' => 'oFan6wfIMxnlAspMvw4FYz8bOn00',
  'out_trade_no' => '2016112417465800001313851684',
  'result_code' => 'SUCCESS',
  'return_code' => 'SUCCESS',
  'sign' => '6BF120AEF1E850BC1DE8231DA958731A',
  'time_end' => '20161124174702',
  'total_fee' => '1',
  'trade_type' => 'JSAPI',
  'transaction_id' => '4003322001201611240695481394',
)
'/=====================================================================================2016-11-24 19:53:40/'
array (
  'appid' => 'wx58ed2758eab878fb',
  'attach' => '26',
  'bank_type' => 'CFT',
  'cash_fee' => '1',
  'fee_type' => 'CNY',
  'is_subscribe' => 'Y',
  'mch_id' => '1392098502',
  'nonce_str' => 'HU9Hnda9',
  'openid' => 'oFan6wfIMxnlAspMvw4FYz8bOn00',
  'out_trade_no' => '2016112419533500001328176188',
  'result_code' => 'SUCCESS',
  'return_code' => 'SUCCESS',
  'sign' => 'FB2567C90D74EF6E059D63C2512AE712',
  'time_end' => '20161124195340',
  'total_fee' => '1',
  'trade_type' => 'JSAPI',
  'transaction_id' => '4003322001201611240710593478',
)
'/=====================================================================================2016-11-24 19:54:19/'
array (
  'appid' => 'wx58ed2758eab878fb',
  'attach' => '26',
  'bank_type' => 'CFT',
  'cash_fee' => '1',
  'fee_type' => 'CNY',
  'is_subscribe' => 'Y',
  'mch_id' => '1392098502',
  'nonce_str' => 'G5LUO2oL',
  'openid' => 'oFan6wZrsom0HDNO_eRGwI9XNOjk',
  'out_trade_no' => '2016112419541200001371082708',
  'result_code' => 'SUCCESS',
  'return_code' => 'SUCCESS',
  'sign' => 'C206504E938D537774CD6F90F839D53D',
  'time_end' => '20161124195419',
  'total_fee' => '1',
  'trade_type' => 'JSAPI',
  'transaction_id' => '4000012001201611240710643234',
)
'/=====================================================================================2016-11-24 19:54:44/'
array (
  'appid' => 'wx58ed2758eab878fb',
  'attach' => '26',
  'bank_type' => 'CFT',
  'cash_fee' => '1',
  'fee_type' => 'CNY',
  'is_subscribe' => 'Y',
  'mch_id' => '1392098502',
  'nonce_str' => 'g75OegXL',
  'openid' => 'oFan6wfIMxnlAspMvw4FYz8bOn00',
  'out_trade_no' => '2016112419543900001382968661',
  'result_code' => 'SUCCESS',
  'return_code' => 'SUCCESS',
  'sign' => '3B88513DED661052CC5F145A945BA5ED',
  'time_end' => '20161124195443',
  'total_fee' => '1',
  'trade_type' => 'JSAPI',
  'transaction_id' => '4003322001201611240710635877',
)
'/=====================================================================================2016-11-24 19:55:00/'
array (
  'appid' => 'wx58ed2758eab878fb',
  'attach' => '26',
  'bank_type' => 'CFT',
  'cash_fee' => '1',
  'fee_type' => 'CNY',
  'is_subscribe' => 'Y',
  'mch_id' => '1392098502',
  'nonce_str' => 'dCebY2Bf',
  'openid' => 'oFan6wfIMxnlAspMvw4FYz8bOn00',
  'out_trade_no' => '2016112419545500001358462828',
  'result_code' => 'SUCCESS',
  'return_code' => 'SUCCESS',
  'sign' => '18ACAF427C2EBBDD2FE9953E7F67BAFC',
  'time_end' => '20161124195459',
  'total_fee' => '1',
  'trade_type' => 'JSAPI',
  'transaction_id' => '4003322001201611240712674304',
)
'/=====================================================================================2016-11-24 19:55:26/'
array (
  'appid' => 'wx58ed2758eab878fb',
  'attach' => '26',
  'bank_type' => 'CFT',
  'cash_fee' => '1',
  'fee_type' => 'CNY',
  'is_subscribe' => 'Y',
  'mch_id' => '1392098502',
  'nonce_str' => 'e3J2jCr3',
  'openid' => 'oFan6wZrsom0HDNO_eRGwI9XNOjk',
  'out_trade_no' => '2016112419552000001346487568',
  'result_code' => 'SUCCESS',
  'return_code' => 'SUCCESS',
  'sign' => '3FCB41ABBA24060577E9FE767227FD7A',
  'time_end' => '20161124195525',
  'total_fee' => '1',
  'trade_type' => 'JSAPI',
  'transaction_id' => '4000012001201611240710673879',
)
'/=====================================================================================2016-11-24 19:55:43/'
array (
  'appid' => 'wx58ed2758eab878fb',
  'attach' => '26',
  'bank_type' => 'CFT',
  'cash_fee' => '1',
  'fee_type' => 'CNY',
  'is_subscribe' => 'Y',
  'mch_id' => '1392098502',
  'nonce_str' => 'E4kEi2wW',
  'openid' => 'oFan6wZrsom0HDNO_eRGwI9XNOjk',
  'out_trade_no' => '2016112419553600001378238439',
  'result_code' => 'SUCCESS',
  'return_code' => 'SUCCESS',
  'sign' => '40B5BA36EB0481EDC6866AAEBF20FEE8',
  'time_end' => '20161124195542',
  'total_fee' => '1',
  'trade_type' => 'JSAPI',
  'transaction_id' => '4000012001201611240710616998',
)
'/=====================================================================================2016-11-24 19:58:57/'
array (
  'appid' => 'wx58ed2758eab878fb',
  'attach' => '26',
  'bank_type' => 'CFT',
  'cash_fee' => '1',
  'fee_type' => 'CNY',
  'is_subscribe' => 'Y',
  'mch_id' => '1392098502',
  'nonce_str' => 'U9Q6cQa9',
  'openid' => 'oFan6wZrsom0HDNO_eRGwI9XNOjk',
  'out_trade_no' => '2016112419585000001314644202',
  'result_code' => 'SUCCESS',
  'return_code' => 'SUCCESS',
  'sign' => 'B71A0A5CEF4CE8CC0576E3FB6F756058',
  'time_end' => '20161124195857',
  'total_fee' => '1',
  'trade_type' => 'JSAPI',
  'transaction_id' => '4000012001201611240710780184',
)
