'/=====================================================================================2016-11-24 17:46:21/'
'<xml><appid><![CDATA[wx58ed2758eab878fb]]></appid>
<attach><![CDATA[26]]></attach>
<bank_type><![CDATA[CFT]]></bank_type>
<cash_fee><![CDATA[1]]></cash_fee>
<fee_type><![CDATA[CNY]]></fee_type>
<is_subscribe><![CDATA[Y]]></is_subscribe>
<mch_id><![CDATA[1392098502]]></mch_id>
<nonce_str><![CDATA[MAfFXW3Q]]></nonce_str>
<openid><![CDATA[oFan6wZrsom0HDNO_eRGwI9XNOjk]]></openid>
<out_trade_no><![CDATA[2016112417461400001301374441]]></out_trade_no>
<result_code><![CDATA[SUCCESS]]></result_code>
<return_code><![CDATA[SUCCESS]]></return_code>
<sign><![CDATA[3C4FFDAD17C0FAA5B4EAC562AEDE710B]]></sign>
<time_end><![CDATA[20161124174621]]></time_end>
<total_fee>1</total_fee>
<trade_type><![CDATA[JSAPI]]></trade_type>
<transaction_id><![CDATA[4000012001201611240697573617]]></transaction_id>
</xml>'
'/=====================================================================================2016-11-24 17:47:03/'
'<xml><appid><![CDATA[wx58ed2758eab878fb]]></appid>
<attach><![CDATA[26]]></attach>
<bank_type><![CDATA[CFT]]></bank_type>
<cash_fee><![CDATA[1]]></cash_fee>
<fee_type><![CDATA[CNY]]></fee_type>
<is_subscribe><![CDATA[Y]]></is_subscribe>
<mch_id><![CDATA[1392098502]]></mch_id>
<nonce_str><![CDATA[YaqCNcZu]]></nonce_str>
<openid><![CDATA[oFan6wfIMxnlAspMvw4FYz8bOn00]]></openid>
<out_trade_no><![CDATA[2016112417465800001313851684]]></out_trade_no>
<result_code><![CDATA[SUCCESS]]></result_code>
<return_code><![CDATA[SUCCESS]]></return_code>
<sign><![CDATA[6BF120AEF1E850BC1DE8231DA958731A]]></sign>
<time_end><![CDATA[20161124174702]]></time_end>
<total_fee>1</total_fee>
<trade_type><![CDATA[JSAPI]]></trade_type>
<transaction_id><![CDATA[4003322001201611240695481394]]></transaction_id>
</xml>'
'/=====================================================================================2016-11-24 19:53:40/'
'<xml><appid><![CDATA[wx58ed2758eab878fb]]></appid>
<attach><![CDATA[26]]></attach>
<bank_type><![CDATA[CFT]]></bank_type>
<cash_fee><![CDATA[1]]></cash_fee>
<fee_type><![CDATA[CNY]]></fee_type>
<is_subscribe><![CDATA[Y]]></is_subscribe>
<mch_id><![CDATA[1392098502]]></mch_id>
<nonce_str><![CDATA[HU9Hnda9]]></nonce_str>
<openid><![CDATA[oFan6wfIMxnlAspMvw4FYz8bOn00]]></openid>
<out_trade_no><![CDATA[2016112419533500001328176188]]></out_trade_no>
<result_code><![CDATA[SUCCESS]]></result_code>
<return_code><![CDATA[SUCCESS]]></return_code>
<sign><![CDATA[FB2567C90D74EF6E059D63C2512AE712]]></sign>
<time_end><![CDATA[20161124195340]]></time_end>
<total_fee>1</total_fee>
<trade_type><![CDATA[JSAPI]]></trade_type>
<transaction_id><![CDATA[4003322001201611240710593478]]></transaction_id>
</xml>'
'/=====================================================================================2016-11-24 19:54:19/'
'<xml><appid><![CDATA[wx58ed2758eab878fb]]></appid>
<attach><![CDATA[26]]></attach>
<bank_type><![CDATA[CFT]]></bank_type>
<cash_fee><![CDATA[1]]></cash_fee>
<fee_type><![CDATA[CNY]]></fee_type>
<is_subscribe><![CDATA[Y]]></is_subscribe>
<mch_id><![CDATA[1392098502]]></mch_id>
<nonce_str><![CDATA[G5LUO2oL]]></nonce_str>
<openid><![CDATA[oFan6wZrsom0HDNO_eRGwI9XNOjk]]></openid>
<out_trade_no><![CDATA[2016112419541200001371082708]]></out_trade_no>
<result_code><![CDATA[SUCCESS]]></result_code>
<return_code><![CDATA[SUCCESS]]></return_code>
<sign><![CDATA[C206504E938D537774CD6F90F839D53D]]></sign>
<time_end><![CDATA[20161124195419]]></time_end>
<total_fee>1</total_fee>
<trade_type><![CDATA[JSAPI]]></trade_type>
<transaction_id><![CDATA[4000012001201611240710643234]]></transaction_id>
</xml>'
'/=====================================================================================2016-11-24 19:54:44/'
'<xml><appid><![CDATA[wx58ed2758eab878fb]]></appid>
<attach><![CDATA[26]]></attach>
<bank_type><![CDATA[CFT]]></bank_type>
<cash_fee><![CDATA[1]]></cash_fee>
<fee_type><![CDATA[CNY]]></fee_type>
<is_subscribe><![CDATA[Y]]></is_subscribe>
<mch_id><![CDATA[1392098502]]></mch_id>
<nonce_str><![CDATA[g75OegXL]]></nonce_str>
<openid><![CDATA[oFan6wfIMxnlAspMvw4FYz8bOn00]]></openid>
<out_trade_no><![CDATA[2016112419543900001382968661]]></out_trade_no>
<result_code><![CDATA[SUCCESS]]></result_code>
<return_code><![CDATA[SUCCESS]]></return_code>
<sign><![CDATA[3B88513DED661052CC5F145A945BA5ED]]></sign>
<time_end><![CDATA[20161124195443]]></time_end>
<total_fee>1</total_fee>
<trade_type><![CDATA[JSAPI]]></trade_type>
<transaction_id><![CDATA[4003322001201611240710635877]]></transaction_id>
</xml>'
'/=====================================================================================2016-11-24 19:55:00/'
'<xml><appid><![CDATA[wx58ed2758eab878fb]]></appid>
<attach><![CDATA[26]]></attach>
<bank_type><![CDATA[CFT]]></bank_type>
<cash_fee><![CDATA[1]]></cash_fee>
<fee_type><![CDATA[CNY]]></fee_type>
<is_subscribe><![CDATA[Y]]></is_subscribe>
<mch_id><![CDATA[1392098502]]></mch_id>
<nonce_str><![CDATA[dCebY2Bf]]></nonce_str>
<openid><![CDATA[oFan6wfIMxnlAspMvw4FYz8bOn00]]></openid>
<out_trade_no><![CDATA[2016112419545500001358462828]]></out_trade_no>
<result_code><![CDATA[SUCCESS]]></result_code>
<return_code><![CDATA[SUCCESS]]></return_code>
<sign><![CDATA[18ACAF427C2EBBDD2FE9953E7F67BAFC]]></sign>
<time_end><![CDATA[20161124195459]]></time_end>
<total_fee>1</total_fee>
<trade_type><![CDATA[JSAPI]]></trade_type>
<transaction_id><![CDATA[4003322001201611240712674304]]></transaction_id>
</xml>'
'/=====================================================================================2016-11-24 19:55:26/'
'<xml><appid><![CDATA[wx58ed2758eab878fb]]></appid>
<attach><![CDATA[26]]></attach>
<bank_type><![CDATA[CFT]]></bank_type>
<cash_fee><![CDATA[1]]></cash_fee>
<fee_type><![CDATA[CNY]]></fee_type>
<is_subscribe><![CDATA[Y]]></is_subscribe>
<mch_id><![CDATA[1392098502]]></mch_id>
<nonce_str><![CDATA[e3J2jCr3]]></nonce_str>
<openid><![CDATA[oFan6wZrsom0HDNO_eRGwI9XNOjk]]></openid>
<out_trade_no><![CDATA[2016112419552000001346487568]]></out_trade_no>
<result_code><![CDATA[SUCCESS]]></result_code>
<return_code><![CDATA[SUCCESS]]></return_code>
<sign><![CDATA[3FCB41ABBA24060577E9FE767227FD7A]]></sign>
<time_end><![CDATA[20161124195525]]></time_end>
<total_fee>1</total_fee>
<trade_type><![CDATA[JSAPI]]></trade_type>
<transaction_id><![CDATA[4000012001201611240710673879]]></transaction_id>
</xml>'
'/=====================================================================================2016-11-24 19:55:43/'
'<xml><appid><![CDATA[wx58ed2758eab878fb]]></appid>
<attach><![CDATA[26]]></attach>
<bank_type><![CDATA[CFT]]></bank_type>
<cash_fee><![CDATA[1]]></cash_fee>
<fee_type><![CDATA[CNY]]></fee_type>
<is_subscribe><![CDATA[Y]]></is_subscribe>
<mch_id><![CDATA[1392098502]]></mch_id>
<nonce_str><![CDATA[E4kEi2wW]]></nonce_str>
<openid><![CDATA[oFan6wZrsom0HDNO_eRGwI9XNOjk]]></openid>
<out_trade_no><![CDATA[2016112419553600001378238439]]></out_trade_no>
<result_code><![CDATA[SUCCESS]]></result_code>
<return_code><![CDATA[SUCCESS]]></return_code>
<sign><![CDATA[40B5BA36EB0481EDC6866AAEBF20FEE8]]></sign>
<time_end><![CDATA[20161124195542]]></time_end>
<total_fee>1</total_fee>
<trade_type><![CDATA[JSAPI]]></trade_type>
<transaction_id><![CDATA[4000012001201611240710616998]]></transaction_id>
</xml>'
'/=====================================================================================2016-11-24 19:58:57/'
'<xml><appid><![CDATA[wx58ed2758eab878fb]]></appid>
<attach><![CDATA[26]]></attach>
<bank_type><![CDATA[CFT]]></bank_type>
<cash_fee><![CDATA[1]]></cash_fee>
<fee_type><![CDATA[CNY]]></fee_type>
<is_subscribe><![CDATA[Y]]></is_subscribe>
<mch_id><![CDATA[1392098502]]></mch_id>
<nonce_str><![CDATA[U9Q6cQa9]]></nonce_str>
<openid><![CDATA[oFan6wZrsom0HDNO_eRGwI9XNOjk]]></openid>
<out_trade_no><![CDATA[2016112419585000001314644202]]></out_trade_no>
<result_code><![CDATA[SUCCESS]]></result_code>
<return_code><![CDATA[SUCCESS]]></return_code>
<sign><![CDATA[B71A0A5CEF4CE8CC0576E3FB6F756058]]></sign>
<time_end><![CDATA[20161124195857]]></time_end>
<total_fee>1</total_fee>
<trade_type><![CDATA[JSAPI]]></trade_type>
<transaction_id><![CDATA[4000012001201611240710780184]]></transaction_id>
</xml>'
