'/=====================================================================================2016-11-17 14:47:07/'
array (
  'weid' => NULL,
  'uniacid' => '28',
  'acid' => '28',
  'result' => 'success',
  'type' => 'wechat',
  'from' => 'notify',
  'tid' => '20161117652158141298',
  'uniontid' => '2016111714465800001354794389',
  'transaction_id' => NULL,
  'trade_type' => 'JSAPI',
  'follow' => 1,
  'user' => 'o_eu-w4ifM3qFkgE_U-ATMvqwkp0',
  'fee' => '0.01',
  'tag' => 
  array (
    'transaction_id' => '4003932001201611179998910075',
  ),
  'is_usecard' => '0',
  'card_type' => '0',
  'card_fee' => '0.01',
  'card_id' => '',
  'paytime' => 1479365226,
)
