'/=====================================================================================2016-11-17 14:47:07/'
array (
  'appid' => 'wx238f420aa452f141',
  'attach' => '28',
  'bank_type' => 'CFT',
  'cash_fee' => '1',
  'fee_type' => 'CNY',
  'is_subscribe' => 'Y',
  'mch_id' => '1297486701',
  'nonce_str' => 'vbKdY6oG',
  'openid' => 'o_eu-w4ifM3qFkgE_U-ATMvqwkp0',
  'out_trade_no' => '2016111714465800001354794389',
  'result_code' => 'SUCCESS',
  'return_code' => 'SUCCESS',
  'sign' => '5FFD457B0264E5FCB404DF528BCEF3EC',
  'time_end' => '20161117144706',
  'total_fee' => '1',
  'trade_type' => 'JSAPI',
  'transaction_id' => '4003932001201611179998910075',
)
