'/=====================================================================================2016-11-15 15:49:04/'
array (
  'appid' => 'wx58ed2758eab878fb',
  'attach' => '26',
  'bank_type' => 'CFT',
  'cash_fee' => '1',
  'fee_type' => 'CNY',
  'is_subscribe' => 'Y',
  'mch_id' => '1392098502',
  'nonce_str' => 'h1Bev4L3',
  'openid' => 'oFan6wZrsom0HDNO_eRGwI9XNOjk',
  'out_trade_no' => '2016111515485600001354255583',
  'result_code' => 'SUCCESS',
  'return_code' => 'SUCCESS',
  'sign' => 'E731EA693FFF1A4A705855609A4C9DA1',
  'time_end' => '20161115154904',
  'total_fee' => '1',
  'trade_type' => 'JSAPI',
  'transaction_id' => '4000012001201611159817313509',
)
'/=====================================================================================2016-11-15 15:52:11/'
array (
  'appid' => 'wx58ed2758eab878fb',
  'attach' => '26',
  'bank_type' => 'CFT',
  'cash_fee' => '1',
  'fee_type' => 'CNY',
  'is_subscribe' => 'Y',
  'mch_id' => '1392098502',
  'nonce_str' => 'uuetBkUC',
  'openid' => 'oFan6wZrsom0HDNO_eRGwI9XNOjk',
  'out_trade_no' => '2016111515520300001338631207',
  'result_code' => 'SUCCESS',
  'return_code' => 'SUCCESS',
  'sign' => 'B5611EFB5B99F3E0FD6B079170EDE6FF',
  'time_end' => '20161115155209',
  'total_fee' => '1',
  'trade_type' => 'JSAPI',
  'transaction_id' => '4000012001201611159817599012',
)
'/=====================================================================================2016-11-15 16:02:20/'
array (
  'appid' => 'wx58ed2758eab878fb',
  'attach' => '26',
  'bank_type' => 'CFT',
  'cash_fee' => '1',
  'fee_type' => 'CNY',
  'is_subscribe' => 'Y',
  'mch_id' => '1392098502',
  'nonce_str' => 'VZRJ4q9j',
  'openid' => 'oFan6wZrsom0HDNO_eRGwI9XNOjk',
  'out_trade_no' => '2016111516021400001366168159',
  'result_code' => 'SUCCESS',
  'return_code' => 'SUCCESS',
  'sign' => 'FFDEEAC914B43F045E3E79F20ECA2BD1',
  'time_end' => '20161115160220',
  'total_fee' => '1',
  'trade_type' => 'JSAPI',
  'transaction_id' => '4000012001201611159818614020',
)
'/=====================================================================================2016-11-15 17:09:13/'
array (
  'appid' => 'wx58ed2758eab878fb',
  'attach' => '26',
  'bank_type' => 'CFT',
  'cash_fee' => '1',
  'fee_type' => 'CNY',
  'is_subscribe' => 'Y',
  'mch_id' => '1392098502',
  'nonce_str' => 'lsRrr0jf',
  'openid' => 'oFan6wZrsom0HDNO_eRGwI9XNOjk',
  'out_trade_no' => '2016111517090600001366484480',
  'result_code' => 'SUCCESS',
  'return_code' => 'SUCCESS',
  'sign' => 'B764D019714B7C079F095595E9EF25CA',
  'time_end' => '20161115170913',
  'total_fee' => '1',
  'trade_type' => 'JSAPI',
  'transaction_id' => '4000012001201611159824650105',
)
