'/=====================================================================================2016-11-15 15:49:04/'
'<xml><appid><![CDATA[wx58ed2758eab878fb]]></appid>
<attach><![CDATA[26]]></attach>
<bank_type><![CDATA[CFT]]></bank_type>
<cash_fee><![CDATA[1]]></cash_fee>
<fee_type><![CDATA[CNY]]></fee_type>
<is_subscribe><![CDATA[Y]]></is_subscribe>
<mch_id><![CDATA[1392098502]]></mch_id>
<nonce_str><![CDATA[h1Bev4L3]]></nonce_str>
<openid><![CDATA[oFan6wZrsom0HDNO_eRGwI9XNOjk]]></openid>
<out_trade_no><![CDATA[2016111515485600001354255583]]></out_trade_no>
<result_code><![CDATA[SUCCESS]]></result_code>
<return_code><![CDATA[SUCCESS]]></return_code>
<sign><![CDATA[E731EA693FFF1A4A705855609A4C9DA1]]></sign>
<time_end><![CDATA[20161115154904]]></time_end>
<total_fee>1</total_fee>
<trade_type><![CDATA[JSAPI]]></trade_type>
<transaction_id><![CDATA[4000012001201611159817313509]]></transaction_id>
</xml>'
'/=====================================================================================2016-11-15 15:52:11/'
'<xml><appid><![CDATA[wx58ed2758eab878fb]]></appid>
<attach><![CDATA[26]]></attach>
<bank_type><![CDATA[CFT]]></bank_type>
<cash_fee><![CDATA[1]]></cash_fee>
<fee_type><![CDATA[CNY]]></fee_type>
<is_subscribe><![CDATA[Y]]></is_subscribe>
<mch_id><![CDATA[1392098502]]></mch_id>
<nonce_str><![CDATA[uuetBkUC]]></nonce_str>
<openid><![CDATA[oFan6wZrsom0HDNO_eRGwI9XNOjk]]></openid>
<out_trade_no><![CDATA[2016111515520300001338631207]]></out_trade_no>
<result_code><![CDATA[SUCCESS]]></result_code>
<return_code><![CDATA[SUCCESS]]></return_code>
<sign><![CDATA[B5611EFB5B99F3E0FD6B079170EDE6FF]]></sign>
<time_end><![CDATA[20161115155209]]></time_end>
<total_fee>1</total_fee>
<trade_type><![CDATA[JSAPI]]></trade_type>
<transaction_id><![CDATA[4000012001201611159817599012]]></transaction_id>
</xml>'
'/=====================================================================================2016-11-15 16:02:20/'
'<xml><appid><![CDATA[wx58ed2758eab878fb]]></appid>
<attach><![CDATA[26]]></attach>
<bank_type><![CDATA[CFT]]></bank_type>
<cash_fee><![CDATA[1]]></cash_fee>
<fee_type><![CDATA[CNY]]></fee_type>
<is_subscribe><![CDATA[Y]]></is_subscribe>
<mch_id><![CDATA[1392098502]]></mch_id>
<nonce_str><![CDATA[VZRJ4q9j]]></nonce_str>
<openid><![CDATA[oFan6wZrsom0HDNO_eRGwI9XNOjk]]></openid>
<out_trade_no><![CDATA[2016111516021400001366168159]]></out_trade_no>
<result_code><![CDATA[SUCCESS]]></result_code>
<return_code><![CDATA[SUCCESS]]></return_code>
<sign><![CDATA[FFDEEAC914B43F045E3E79F20ECA2BD1]]></sign>
<time_end><![CDATA[20161115160220]]></time_end>
<total_fee>1</total_fee>
<trade_type><![CDATA[JSAPI]]></trade_type>
<transaction_id><![CDATA[4000012001201611159818614020]]></transaction_id>
</xml>'
'/=====================================================================================2016-11-15 17:09:13/'
'<xml><appid><![CDATA[wx58ed2758eab878fb]]></appid>
<attach><![CDATA[26]]></attach>
<bank_type><![CDATA[CFT]]></bank_type>
<cash_fee><![CDATA[1]]></cash_fee>
<fee_type><![CDATA[CNY]]></fee_type>
<is_subscribe><![CDATA[Y]]></is_subscribe>
<mch_id><![CDATA[1392098502]]></mch_id>
<nonce_str><![CDATA[lsRrr0jf]]></nonce_str>
<openid><![CDATA[oFan6wZrsom0HDNO_eRGwI9XNOjk]]></openid>
<out_trade_no><![CDATA[2016111517090600001366484480]]></out_trade_no>
<result_code><![CDATA[SUCCESS]]></result_code>
<return_code><![CDATA[SUCCESS]]></return_code>
<sign><![CDATA[B764D019714B7C079F095595E9EF25CA]]></sign>
<time_end><![CDATA[20161115170913]]></time_end>
<total_fee>1</total_fee>
<trade_type><![CDATA[JSAPI]]></trade_type>
<transaction_id><![CDATA[4000012001201611159824650105]]></transaction_id>
</xml>'
